2025-04-01 15:22:08 [main] INFO  i.p.equipment.EquipmentApplication - Starting EquipmentApplication using Java 17.0.2 with PID 11244 (C:\progetti\equipment\rest\target\classes started by giuse in C:\progetti\equipment\rest)
2025-04-01 15:22:08 [main] INFO  i.p.equipment.EquipmentApplication - No active profile set, falling back to 1 default profile: "default"
2025-04-01 15:22:12 [main] INFO  o.s.d.r.c.RepositoryConfigurationDelegate - Bootstrapping Spring Data JPA repositories in DEFAULT mode.
2025-04-01 15:22:13 [main] INFO  o.s.d.r.c.RepositoryConfigurationDelegate - Finished Spring Data repository scanning in 333 ms. Found 10 JPA repository interfaces.
2025-04-01 15:22:19 [main] INFO  o.s.b.w.e.tomcat.TomcatWebServer - Tomcat initialized with port 8080 (http)
2025-04-01 15:22:19 [main] INFO  o.a.coyote.http11.Http11NioProtocol - Initializing ProtocolHandler ["http-nio-8080"]
2025-04-01 15:22:19 [main] INFO  o.a.catalina.core.StandardService - Starting service [Tomcat]
2025-04-01 15:22:19 [main] INFO  o.a.catalina.core.StandardEngine - Starting Servlet engine: [Apache Tomcat/10.1.34]
2025-04-01 15:22:19 [main] INFO  o.a.c.c.C.[Tomcat].[localhost].[/] - Initializing Spring embedded WebApplicationContext
2025-04-01 15:22:19 [main] INFO  o.s.b.w.s.c.ServletWebServerApplicationContext - Root WebApplicationContext: initialization completed in 11325 ms
2025-04-01 15:22:21 [main] INFO  o.s.b.a.e.w.ServletEndpointRegistrar - Registered '/actuator/jolokia' to jolokia-actuator-endpoint
2025-04-01 15:22:21 [main] INFO  io.hawt.HawtioContextListener - Initialising Hawtio services
2025-04-01 15:22:21 [main] INFO  io.hawt.jmx.JmxTreeWatcher - Welcome to Hawtio 4.2.0
2025-04-01 15:22:21 [main] INFO  i.h.w.a.AuthenticationConfiguration - Authentication throttling is enabled
2025-04-01 15:22:21 [main] INFO  i.h.w.a.AuthenticationConfiguration - Starting hawtio authentication filter, JAAS authentication disabled
2025-04-01 15:22:21 [main] INFO  i.h.w.auth.ClientRouteRedirectFilter - Hawtio ClientRouteRedirectFilter is using 1800 sec. HttpSession timeout
2025-04-01 15:22:22 [main] INFO  o.h.jpa.internal.util.LogHelper - HHH000204: Processing PersistenceUnitInfo [name: default]
2025-04-01 15:22:22 [main] INFO  org.hibernate.Version - HHH000412: Hibernate ORM core version 6.6.5.Final
2025-04-01 15:22:22 [main] INFO  o.h.c.i.RegionFactoryInitiator - HHH000026: Second-level cache disabled
2025-04-01 15:22:23 [main] INFO  o.s.o.j.p.SpringPersistenceUnitInfo - No LoadTimeWeaver setup: ignoring JPA class transformer
2025-04-01 15:22:23 [main] INFO  com.zaxxer.hikari.HikariDataSource - HikariPool-1 - Starting...
2025-04-01 15:22:23 [main] INFO  com.zaxxer.hikari.pool.HikariPool - HikariPool-1 - Added connection org.postgresql.jdbc.PgConnection@620e0d36
2025-04-01 15:22:23 [main] INFO  com.zaxxer.hikari.HikariDataSource - HikariPool-1 - Start completed.
2025-04-01 15:22:24 [main] INFO  o.hibernate.orm.connections.pooling - HHH10001005: Database info:
	Database JDBC URL [Connecting through datasource 'HikariDataSource (HikariPool-1)']
	Database driver: undefined/unknown
	Database version: 17.4
	Autocommit mode: undefined/unknown
	Isolation level: undefined/unknown
	Minimum pool size: undefined/unknown
	Maximum pool size: undefined/unknown
2025-04-01 15:22:32 [main] INFO  o.h.e.t.j.p.i.JtaPlatformInitiator - HHH000489: No JTA platform available (set 'hibernate.transaction.jta.platform' to enable JTA platform integration)
2025-04-01 15:22:33 [main] INFO  o.s.o.j.LocalContainerEntityManagerFactoryBean - Initialized JPA EntityManagerFactory for persistence unit 'default'
2025-04-01 15:22:41 [main] INFO  it.pliot.equipment.conf.InitDb - Executing db script 
2025-04-01 15:22:41 [main] INFO  it.pliot.equipment.conf.InitDb - Executing : report_data_first_stg_sp.sql 
2025-04-01 15:22:48 [main] INFO  it.pliot.equipment.conf.InitDb - Preloading Roleit.pliot.equipment.io.UserGrpTO@adb32981
2025-04-01 15:22:48 [main] INFO  it.pliot.equipment.conf.InitDb - Preloading Roleit.pliot.equipment.io.UserGrpTO@c3933777
2025-04-01 15:22:48 [main] INFO  it.pliot.equipment.conf.InitDb - Preloading Roleit.pliot.equipment.io.UserGrpTO@b6989f52
2025-04-01 15:22:49 [main] WARN  o.s.b.a.o.j.JpaBaseConfiguration$JpaWebConfiguration - spring.jpa.open-in-view is enabled by default. Therefore, database queries may be performed during view rendering. Explicitly configure spring.jpa.open-in-view to disable this warning
2025-04-01 15:22:50 [main] INFO  o.s.b.a.w.s.WelcomePageHandlerMapping - Adding welcome page: class path resource [static/index.html]
2025-04-01 15:22:51 [main] WARN  o.a.c.i.e.DefaultCamelBeanPostProcessor - No CamelContext defined yet so cannot inject into bean: startupConditionStrategy
2025-04-01 15:22:56 [main] INFO  o.a.activemq.artemis.core.server - AMQ221000: Primary message broker is starting with configuration Broker Configuration (clustered=false,journalDirectory=C:\Users\giuse\AppData\Local\Temp\artemis-data/journal,bindingsDirectory=data/bindings,largeMessagesDirectory=data/largemessages,pagingDirectory=data/paging)
2025-04-01 15:22:56 [main] INFO  o.a.activemq.artemis.core.server - AMQ221045: libaio is not available, switching the configuration into NIO
2025-04-01 15:22:56 [main] INFO  o.a.activemq.artemis.core.server - AMQ221057: Global Max Size is being adjusted to 1/2 of the JVM max size (-Xmx). being defined as 2108686336
2025-04-01 15:22:56 [main] INFO  o.a.activemq.artemis.core.server - AMQ221043: Protocol module found: [artemis-server]. Adding protocol support for: CORE
2025-04-01 15:22:57 [main] INFO  org.apache.activemq.audit.base - AMQ601138: User anonymous@unknown is getting notification info on target resource: null
2025-04-01 15:22:57 [main] INFO  org.apache.activemq.audit.base - AMQ601019: User anonymous@unknown is getting mbean info on target resource: org.apache.activemq.artemis.core.management.impl.ActiveMQServerControlImpl@559ac87f
2025-04-01 15:22:57 [main] INFO  org.apache.activemq.audit.base - AMQ601138: User anonymous@unknown is getting notification info on target resource: ActiveMQServerImpl::name=localhost
2025-04-01 15:22:57 [main] INFO  o.a.activemq.artemis.core.server - AMQ224092: Despite disabled persistence, page files will be persisted.
2025-04-01 15:22:57 [main] INFO  o.a.activemq.artemis.core.server - AMQ221080: Deploying address DLQ supporting [ANYCAST]
2025-04-01 15:22:57 [main] INFO  org.apache.activemq.audit.base - AMQ601019: User anonymous@unknown is getting mbean info on target resource: org.apache.activemq.artemis.core.management.impl.AddressControlImpl@62ce5261
2025-04-01 15:22:57 [main] INFO  o.a.activemq.artemis.core.server - AMQ221003: Deploying ANYCAST queue DLQ on address DLQ
2025-04-01 15:22:57 [main] INFO  org.apache.activemq.audit.base - AMQ601019: User anonymous@unknown is getting mbean info on target resource: org.apache.activemq.artemis.core.management.impl.QueueControlImpl@cb7ec2c
2025-04-01 15:22:57 [main] INFO  o.a.activemq.artemis.core.server - AMQ221080: Deploying address ExpiryQueue supporting [ANYCAST]
2025-04-01 15:22:57 [main] INFO  org.apache.activemq.audit.base - AMQ601019: User anonymous@unknown is getting mbean info on target resource: org.apache.activemq.artemis.core.management.impl.AddressControlImpl@5e491535
2025-04-01 15:22:57 [main] INFO  o.a.activemq.artemis.core.server - AMQ221003: Deploying ANYCAST queue ExpiryQueue on address ExpiryQueue
2025-04-01 15:22:57 [main] INFO  org.apache.activemq.audit.base - AMQ601019: User anonymous@unknown is getting mbean info on target resource: org.apache.activemq.artemis.core.management.impl.QueueControlImpl@55947250
2025-04-01 15:22:57 [main] INFO  org.apache.activemq.audit.base - AMQ601019: User anonymous@unknown is getting mbean info on target resource: org.apache.activemq.artemis.core.management.impl.AddressControlImpl@1328a5de
2025-04-01 15:22:58 [main] INFO  org.apache.activemq.audit.base - AMQ601019: User anonymous@unknown is getting mbean info on target resource: org.apache.activemq.artemis.core.management.impl.AcceptorControlImpl@73d0dbbf
2025-04-01 15:22:58 [main] INFO  o.a.activemq.artemis.core.server - AMQ221007: Server is now active
2025-04-01 15:22:58 [main] INFO  o.a.activemq.artemis.core.server - AMQ221001: Apache ActiveMQ Artemis Message Broker version 2.37.0 [localhost, nodeID=6c99789e-0efc-11f0-a49b-00090faa0001] 
2025-04-01 15:22:58 [main] INFO  o.s.b.a.e.web.EndpointLinksResolver - Exposing 2 endpoints beneath base path '/actuator'
2025-04-01 15:22:59 [main] INFO  o.s.v.b.OptionalValidatorFactoryBean - Failed to set up a Bean Validation provider: jakarta.validation.NoProviderFoundException: Unable to create a Configuration, because no Jakarta Bean Validation provider could be found. Add a provider like Hibernate Validator (RI) to your classpath.
2025-04-01 15:23:03 [main] INFO  o.a.coyote.http11.Http11NioProtocol - Starting ProtocolHandler ["http-nio-8080"]
2025-04-01 15:23:03 [main] INFO  o.s.b.w.e.tomcat.TomcatWebServer - Tomcat started on port 8080 (http) with context path '/'
2025-04-01 15:23:03 [pliot-scheduled-task-pool-1] INFO  i.p.e.s.b.task.EquipmentPuller -  pull measure 
2025-04-01 15:23:03 [pliot-scheduled-task-pool-2] INFO  i.p.e.s.business.task.MemoryMonitor -  Max memory [MB] 4022 Tot memory [MB] 118 Free memory [MB] 49

2025-04-01 15:23:03 [pliot-scheduled-task-pool-3] INFO  i.p.e.s.business.task.ReportCreation -  Aggregate 10 minutes it.pliot.equipment.service.business.task.ReportCreation@603520f3
2025-04-01 15:23:03 [pliot-scheduled-task-pool-3] INFO  i.p.e.service.dbms.CallSPService -  call statement CALL  update_report_data_first_stg()
2025-04-01 15:23:04 [main] INFO  o.a.c.i.engine.AbstractCamelContext - Apache Camel 4.9.0 (camel-1) is starting
2025-04-01 15:23:04 [main] INFO  o.a.c.i.engine.AbstractCamelContext - Routes startup (total:0)
2025-04-01 15:23:04 [main] INFO  o.a.c.i.engine.AbstractCamelContext - Apache Camel 4.9.0 (camel-1) started in 314ms (build:0ms init:0ms start:314ms boot:12s621ms)
2025-04-01 15:23:04 [main] INFO  i.p.equipment.EquipmentApplication - Started EquipmentApplication in 57.945 seconds (process running for 60.493)
2025-04-01 15:23:13 [pliot-scheduled-task-pool-4] INFO  i.p.e.s.business.task.MemoryMonitor -  Max memory [MB] 4022 Tot memory [MB] 118 Free memory [MB] 47

2025-04-01 15:23:13 [pliot-scheduled-task-pool-2] INFO  i.p.e.s.b.task.EquipmentPuller -  pull measure 
2025-04-01 15:23:23 [pliot-scheduled-task-pool-4] INFO  i.p.e.s.b.task.EquipmentPuller -  pull measure 
2025-04-01 15:23:23 [pliot-scheduled-task-pool-1] INFO  i.p.e.s.business.task.MemoryMonitor -  Max memory [MB] 4022 Tot memory [MB] 118 Free memory [MB] 45

2025-04-01 15:23:33 [pliot-scheduled-task-pool-5] INFO  i.p.e.s.b.task.EquipmentPuller -  pull measure 
2025-04-01 15:23:33 [pliot-scheduled-task-pool-3] INFO  i.p.e.s.business.task.MemoryMonitor -  Max memory [MB] 4022 Tot memory [MB] 118 Free memory [MB] 44

2025-04-01 15:23:43 [pliot-scheduled-task-pool-5] INFO  i.p.e.s.b.task.EquipmentPuller -  pull measure 
2025-04-01 15:23:43 [pliot-scheduled-task-pool-1] INFO  i.p.e.s.business.task.MemoryMonitor -  Max memory [MB] 4022 Tot memory [MB] 118 Free memory [MB] 43

2025-04-01 15:23:53 [pliot-scheduled-task-pool-1] INFO  i.p.e.s.b.task.EquipmentPuller -  pull measure 
2025-04-01 15:23:53 [pliot-scheduled-task-pool-5] INFO  i.p.e.s.business.task.MemoryMonitor -  Max memory [MB] 4022 Tot memory [MB] 118 Free memory [MB] 41

2025-04-01 15:24:03 [pliot-scheduled-task-pool-5] INFO  i.p.e.s.b.task.EquipmentPuller -  pull measure 
2025-04-01 15:24:03 [pliot-scheduled-task-pool-9] INFO  i.p.e.s.business.task.MemoryMonitor -  Max memory [MB] 4022 Tot memory [MB] 118 Free memory [MB] 40

2025-04-01 15:24:03 [pliot-scheduled-task-pool-7] INFO  i.p.e.s.business.task.ReportCreation -  Aggregate 10 minutes it.pliot.equipment.service.business.task.ReportCreation@603520f3
2025-04-01 15:24:03 [pliot-scheduled-task-pool-7] INFO  i.p.e.service.dbms.CallSPService -  call statement CALL  update_report_data_first_stg()
2025-04-01 15:24:13 [pliot-scheduled-task-pool-9] INFO  i.p.e.s.b.task.EquipmentPuller -  pull measure 
2025-04-01 15:24:13 [pliot-scheduled-task-pool-5] INFO  i.p.e.s.business.task.MemoryMonitor -  Max memory [MB] 4022 Tot memory [MB] 118 Free memory [MB] 39

2025-04-01 15:24:23 [pliot-scheduled-task-pool-9] INFO  i.p.e.s.b.task.EquipmentPuller -  pull measure 
2025-04-01 15:24:23 [pliot-scheduled-task-pool-5] INFO  i.p.e.s.business.task.MemoryMonitor -  Max memory [MB] 4022 Tot memory [MB] 118 Free memory [MB] 38

2025-04-01 15:24:33 [pliot-scheduled-task-pool-5] INFO  i.p.e.s.business.task.MemoryMonitor -  Max memory [MB] 4022 Tot memory [MB] 118 Free memory [MB] 37

2025-04-01 15:24:33 [pliot-scheduled-task-pool-9] INFO  i.p.e.s.b.task.EquipmentPuller -  pull measure 
2025-04-01 15:24:43 [pliot-scheduled-task-pool-9] INFO  i.p.e.s.b.task.EquipmentPuller -  pull measure 
2025-04-01 15:24:43 [pliot-scheduled-task-pool-5] INFO  i.p.e.s.business.task.MemoryMonitor -  Max memory [MB] 4022 Tot memory [MB] 118 Free memory [MB] 35

2025-04-01 15:24:53 [pliot-scheduled-task-pool-9] INFO  i.p.e.s.b.task.EquipmentPuller -  pull measure 
2025-04-01 15:24:53 [pliot-scheduled-task-pool-5] INFO  i.p.e.s.business.task.MemoryMonitor -  Max memory [MB] 4022 Tot memory [MB] 118 Free memory [MB] 34

2025-04-01 15:25:00 [http-nio-8080-exec-4] INFO  o.a.c.c.C.[Tomcat].[localhost].[/] - Initializing Spring DispatcherServlet 'dispatcherServlet'
2025-04-01 15:25:00 [http-nio-8080-exec-4] INFO  o.s.web.servlet.DispatcherServlet - Initializing Servlet 'dispatcherServlet'
2025-04-01 15:25:00 [http-nio-8080-exec-4] INFO  o.s.web.servlet.DispatcherServlet - Completed initialization in 6 ms
2025-04-01 15:25:03 [pliot-scheduled-task-pool-9] INFO  i.p.e.s.b.task.EquipmentPuller -  pull measure 
2025-04-01 15:25:03 [pliot-scheduled-task-pool-8] INFO  i.p.e.s.business.task.MemoryMonitor -  Max memory [MB] 4022 Tot memory [MB] 118 Free memory [MB] 47

2025-04-01 15:25:03 [pliot-scheduled-task-pool-1] INFO  i.p.e.s.business.task.ReportCreation -  Aggregate 10 minutes it.pliot.equipment.service.business.task.ReportCreation@603520f3
2025-04-01 15:25:03 [pliot-scheduled-task-pool-1] INFO  i.p.e.service.dbms.CallSPService -  call statement CALL  update_report_data_first_stg()
2025-04-01 15:25:13 [pliot-scheduled-task-pool-8] INFO  i.p.e.s.business.task.MemoryMonitor -  Max memory [MB] 4022 Tot memory [MB] 118 Free memory [MB] 44

2025-04-01 15:25:13 [pliot-scheduled-task-pool-9] INFO  i.p.e.s.b.task.EquipmentPuller -  pull measure 
2025-04-01 15:25:23 [pliot-scheduled-task-pool-9] INFO  i.p.e.s.b.task.EquipmentPuller -  pull measure 
2025-04-01 15:25:23 [pliot-scheduled-task-pool-8] INFO  i.p.e.s.business.task.MemoryMonitor -  Max memory [MB] 4022 Tot memory [MB] 118 Free memory [MB] 43

2025-04-01 15:25:33 [pliot-scheduled-task-pool-8] INFO  i.p.e.s.b.task.EquipmentPuller -  pull measure 
2025-04-01 15:25:33 [pliot-scheduled-task-pool-9] INFO  i.p.e.s.business.task.MemoryMonitor -  Max memory [MB] 4022 Tot memory [MB] 118 Free memory [MB] 42

2025-04-01 15:25:43 [pliot-scheduled-task-pool-8] INFO  i.p.e.s.b.task.EquipmentPuller -  pull measure 
2025-04-01 15:25:43 [pliot-scheduled-task-pool-9] INFO  i.p.e.s.business.task.MemoryMonitor -  Max memory [MB] 4022 Tot memory [MB] 118 Free memory [MB] 41

2025-04-01 15:25:53 [pliot-scheduled-task-pool-8] INFO  i.p.e.s.b.task.EquipmentPuller -  pull measure 
2025-04-01 15:25:53 [pliot-scheduled-task-pool-7] INFO  i.p.e.s.business.task.MemoryMonitor -  Max memory [MB] 4022 Tot memory [MB] 118 Free memory [MB] 40

2025-04-01 15:26:03 [pliot-scheduled-task-pool-8] INFO  i.p.e.s.business.task.ReportCreation -  Aggregate 10 minutes it.pliot.equipment.service.business.task.ReportCreation@603520f3
2025-04-01 15:26:03 [pliot-scheduled-task-pool-4] INFO  i.p.e.s.b.task.EquipmentPuller -  pull measure 
2025-04-01 15:26:03 [pliot-scheduled-task-pool-7] INFO  i.p.e.s.business.task.MemoryMonitor -  Max memory [MB] 4022 Tot memory [MB] 118 Free memory [MB] 39

2025-04-01 15:26:03 [pliot-scheduled-task-pool-8] INFO  i.p.e.service.dbms.CallSPService -  call statement CALL  update_report_data_first_stg()
2025-04-01 15:26:13 [pliot-scheduled-task-pool-4] INFO  i.p.e.s.business.task.MemoryMonitor -  Max memory [MB] 4022 Tot memory [MB] 118 Free memory [MB] 38

2025-04-01 15:26:13 [pliot-scheduled-task-pool-7] INFO  i.p.e.s.b.task.EquipmentPuller -  pull measure 
2025-04-01 15:26:23 [pliot-scheduled-task-pool-4] INFO  i.p.e.s.b.task.EquipmentPuller -  pull measure 
2025-04-01 15:26:23 [pliot-scheduled-task-pool-7] INFO  i.p.e.s.business.task.MemoryMonitor -  Max memory [MB] 4022 Tot memory [MB] 118 Free memory [MB] 37

2025-04-01 15:26:33 [pliot-scheduled-task-pool-7] INFO  i.p.e.s.b.task.EquipmentPuller -  pull measure 
2025-04-01 15:26:33 [pliot-scheduled-task-pool-4] INFO  i.p.e.s.business.task.MemoryMonitor -  Max memory [MB] 4022 Tot memory [MB] 118 Free memory [MB] 36

2025-04-01 15:26:43 [pliot-scheduled-task-pool-4] INFO  i.p.e.s.b.task.EquipmentPuller -  pull measure 
2025-04-01 15:26:43 [pliot-scheduled-task-pool-7] INFO  i.p.e.s.business.task.MemoryMonitor -  Max memory [MB] 4022 Tot memory [MB] 118 Free memory [MB] 35

2025-04-01 15:26:53 [pliot-scheduled-task-pool-4] INFO  i.p.e.s.business.task.MemoryMonitor -  Max memory [MB] 4022 Tot memory [MB] 118 Free memory [MB] 34

2025-04-01 15:26:53 [pliot-scheduled-task-pool-7] INFO  i.p.e.s.b.task.EquipmentPuller -  pull measure 
2025-04-01 15:27:03 [pliot-scheduled-task-pool-4] INFO  i.p.e.s.business.task.MemoryMonitor -  Max memory [MB] 4022 Tot memory [MB] 118 Free memory [MB] 34

2025-04-01 15:27:03 [pliot-scheduled-task-pool-7] INFO  i.p.e.s.business.task.ReportCreation -  Aggregate 10 minutes it.pliot.equipment.service.business.task.ReportCreation@603520f3
2025-04-01 15:27:03 [pliot-scheduled-task-pool-3] INFO  i.p.e.s.b.task.EquipmentPuller -  pull measure 
2025-04-01 15:27:03 [pliot-scheduled-task-pool-7] INFO  i.p.e.service.dbms.CallSPService -  call statement CALL  update_report_data_first_stg()
2025-04-01 15:27:13 [pliot-scheduled-task-pool-4] INFO  i.p.e.s.business.task.MemoryMonitor -  Max memory [MB] 4022 Tot memory [MB] 118 Free memory [MB] 32

2025-04-01 15:27:13 [pliot-scheduled-task-pool-3] INFO  i.p.e.s.b.task.EquipmentPuller -  pull measure 
2025-04-01 15:27:23 [pliot-scheduled-task-pool-3] INFO  i.p.e.s.b.task.EquipmentPuller -  pull measure 
2025-04-01 15:27:23 [pliot-scheduled-task-pool-9] INFO  i.p.e.s.business.task.MemoryMonitor -  Max memory [MB] 4022 Tot memory [MB] 118 Free memory [MB] 31

2025-04-01 15:27:33 [pliot-scheduled-task-pool-3] INFO  i.p.e.s.b.task.EquipmentPuller -  pull measure 
2025-04-01 15:27:33 [pliot-scheduled-task-pool-9] INFO  i.p.e.s.business.task.MemoryMonitor -  Max memory [MB] 4022 Tot memory [MB] 118 Free memory [MB] 30

2025-04-01 15:27:43 [pliot-scheduled-task-pool-9] INFO  i.p.e.s.business.task.MemoryMonitor -  Max memory [MB] 4022 Tot memory [MB] 118 Free memory [MB] 29

2025-04-01 15:27:43 [pliot-scheduled-task-pool-3] INFO  i.p.e.s.b.task.EquipmentPuller -  pull measure 
2025-04-01 15:27:53 [pliot-scheduled-task-pool-9] INFO  i.p.e.s.business.task.MemoryMonitor -  Max memory [MB] 4022 Tot memory [MB] 118 Free memory [MB] 28

2025-04-01 15:27:53 [pliot-scheduled-task-pool-3] INFO  i.p.e.s.b.task.EquipmentPuller -  pull measure 
2025-04-01 15:28:03 [pliot-scheduled-task-pool-6] INFO  i.p.e.s.business.task.ReportCreation -  Aggregate 10 minutes it.pliot.equipment.service.business.task.ReportCreation@603520f3
2025-04-01 15:28:03 [pliot-scheduled-task-pool-3] INFO  i.p.e.s.business.task.MemoryMonitor -  Max memory [MB] 4022 Tot memory [MB] 118 Free memory [MB] 27

2025-04-01 15:28:03 [pliot-scheduled-task-pool-10] INFO  i.p.e.s.b.task.EquipmentPuller -  pull measure 
2025-04-01 15:28:03 [pliot-scheduled-task-pool-6] INFO  i.p.e.service.dbms.CallSPService -  call statement CALL  update_report_data_first_stg()
2025-04-01 15:28:13 [pliot-scheduled-task-pool-3] INFO  i.p.e.s.b.task.EquipmentPuller -  pull measure 
2025-04-01 15:28:13 [pliot-scheduled-task-pool-10] INFO  i.p.e.s.business.task.MemoryMonitor -  Max memory [MB] 4022 Tot memory [MB] 118 Free memory [MB] 26

2025-04-01 15:28:23 [pliot-scheduled-task-pool-3] INFO  i.p.e.s.business.task.MemoryMonitor -  Max memory [MB] 4022 Tot memory [MB] 118 Free memory [MB] 25

2025-04-01 15:28:23 [pliot-scheduled-task-pool-10] INFO  i.p.e.s.b.task.EquipmentPuller -  pull measure 
2025-04-01 15:28:33 [pliot-scheduled-task-pool-3] INFO  i.p.e.s.business.task.MemoryMonitor -  Max memory [MB] 4022 Tot memory [MB] 118 Free memory [MB] 24

2025-04-01 15:28:33 [pliot-scheduled-task-pool-10] INFO  i.p.e.s.b.task.EquipmentPuller -  pull measure 
2025-04-01 15:28:43 [pliot-scheduled-task-pool-10] INFO  i.p.e.s.b.task.EquipmentPuller -  pull measure 
2025-04-01 15:28:43 [pliot-scheduled-task-pool-3] INFO  i.p.e.s.business.task.MemoryMonitor -  Max memory [MB] 4022 Tot memory [MB] 118 Free memory [MB] 23

2025-04-01 15:28:53 [pliot-scheduled-task-pool-10] INFO  i.p.e.s.b.task.EquipmentPuller -  pull measure 
2025-04-01 15:28:53 [pliot-scheduled-task-pool-3] INFO  i.p.e.s.business.task.MemoryMonitor -  Max memory [MB] 4022 Tot memory [MB] 118 Free memory [MB] 22

2025-04-01 15:29:03 [pliot-scheduled-task-pool-6] INFO  i.p.e.s.b.task.EquipmentPuller -  pull measure 
2025-04-01 15:29:03 [pliot-scheduled-task-pool-8] INFO  i.p.e.s.business.task.ReportCreation -  Aggregate 10 minutes it.pliot.equipment.service.business.task.ReportCreation@603520f3
2025-04-01 15:29:03 [pliot-scheduled-task-pool-3] INFO  i.p.e.s.business.task.MemoryMonitor -  Max memory [MB] 4022 Tot memory [MB] 118 Free memory [MB] 21

2025-04-01 15:29:03 [pliot-scheduled-task-pool-8] INFO  i.p.e.service.dbms.CallSPService -  call statement CALL  update_report_data_first_stg()
2025-04-01 15:29:15 [pliot-scheduled-task-pool-3] INFO  i.p.e.s.business.task.MemoryMonitor -  Max memory [MB] 4022 Tot memory [MB] 118 Free memory [MB] 19

2025-04-01 15:29:15 [pliot-scheduled-task-pool-6] INFO  i.p.e.s.b.task.EquipmentPuller -  pull measure 
2025-04-01 15:29:15 [http-nio-8080-exec-3] WARN  it.pliot.equipment.GlobalConfig -  pliot.mode conf SERVER  is not a correct value 
2025-04-01 15:29:23 [pliot-scheduled-task-pool-6] INFO  i.p.e.s.business.task.MemoryMonitor -  Max memory [MB] 4022 Tot memory [MB] 118 Free memory [MB] 47

2025-04-01 15:29:23 [pliot-scheduled-task-pool-7] INFO  i.p.e.s.b.task.EquipmentPuller -  pull measure 
2025-04-01 15:29:33 [pliot-scheduled-task-pool-7] INFO  i.p.e.s.b.task.EquipmentPuller -  pull measure 
2025-04-01 15:29:33 [pliot-scheduled-task-pool-6] INFO  i.p.e.s.business.task.MemoryMonitor -  Max memory [MB] 4022 Tot memory [MB] 118 Free memory [MB] 46

2025-04-01 15:29:34 [http-nio-8080-exec-2] INFO  i.p.e.service.ext.UserServiceImpl -  user it.pliot.equipment.security.JwtUser@3e1ff95 
2025-04-01 15:29:43 [pliot-scheduled-task-pool-5] INFO  i.p.e.s.business.task.MemoryMonitor -  Max memory [MB] 4022 Tot memory [MB] 118 Free memory [MB] 43

2025-04-01 15:29:43 [pliot-scheduled-task-pool-7] INFO  i.p.e.s.b.task.EquipmentPuller -  pull measure 
2025-04-01 15:29:53 [pliot-scheduled-task-pool-7] INFO  i.p.e.s.business.task.MemoryMonitor -  Max memory [MB] 4022 Tot memory [MB] 118 Free memory [MB] 42

2025-04-01 15:29:53 [pliot-scheduled-task-pool-5] INFO  i.p.e.s.b.task.EquipmentPuller -  pull measure 
2025-04-01 15:30:03 [pliot-scheduled-task-pool-7] INFO  i.p.e.s.business.task.ReportCreation -  Aggregate 10 minutes it.pliot.equipment.service.business.task.ReportCreation@603520f3
2025-04-01 15:30:03 [pliot-scheduled-task-pool-5] INFO  i.p.e.s.business.task.MemoryMonitor -  Max memory [MB] 4022 Tot memory [MB] 118 Free memory [MB] 41

2025-04-01 15:30:03 [pliot-scheduled-task-pool-4] INFO  i.p.e.s.b.task.EquipmentPuller -  pull measure 
2025-04-01 15:30:03 [pliot-scheduled-task-pool-7] INFO  i.p.e.service.dbms.CallSPService -  call statement CALL  update_report_data_first_stg()
2025-04-01 15:30:13 [pliot-scheduled-task-pool-5] INFO  i.p.e.s.b.task.EquipmentPuller -  pull measure 
2025-04-01 15:30:13 [pliot-scheduled-task-pool-4] INFO  i.p.e.s.business.task.MemoryMonitor -  Max memory [MB] 4022 Tot memory [MB] 118 Free memory [MB] 40

2025-04-01 15:30:23 [pliot-scheduled-task-pool-4] INFO  i.p.e.s.b.task.EquipmentPuller -  pull measure 
2025-04-01 15:30:23 [pliot-scheduled-task-pool-5] INFO  i.p.e.s.business.task.MemoryMonitor -  Max memory [MB] 4022 Tot memory [MB] 118 Free memory [MB] 39

2025-04-01 15:30:33 [pliot-scheduled-task-pool-7] INFO  i.p.e.s.business.task.MemoryMonitor -  Max memory [MB] 4022 Tot memory [MB] 118 Free memory [MB] 38

2025-04-01 15:30:33 [pliot-scheduled-task-pool-4] INFO  i.p.e.s.b.task.EquipmentPuller -  pull measure 
2025-04-01 15:30:43 [pliot-scheduled-task-pool-1] INFO  i.p.e.s.business.task.MemoryMonitor -  Max memory [MB] 4022 Tot memory [MB] 118 Free memory [MB] 38

2025-04-01 15:30:43 [pliot-scheduled-task-pool-4] INFO  i.p.e.s.b.task.EquipmentPuller -  pull measure 
2025-04-01 15:30:53 [pliot-scheduled-task-pool-4] INFO  i.p.e.s.b.task.EquipmentPuller -  pull measure 
2025-04-01 15:30:53 [pliot-scheduled-task-pool-1] INFO  i.p.e.s.business.task.MemoryMonitor -  Max memory [MB] 4022 Tot memory [MB] 118 Free memory [MB] 37

2025-04-01 15:31:03 [pliot-scheduled-task-pool-4] INFO  i.p.e.s.business.task.MemoryMonitor -  Max memory [MB] 4022 Tot memory [MB] 118 Free memory [MB] 36

2025-04-01 15:31:03 [pliot-scheduled-task-pool-1] INFO  i.p.e.s.business.task.ReportCreation -  Aggregate 10 minutes it.pliot.equipment.service.business.task.ReportCreation@603520f3
2025-04-01 15:31:03 [pliot-scheduled-task-pool-10] INFO  i.p.e.s.b.task.EquipmentPuller -  pull measure 
2025-04-01 15:31:03 [pliot-scheduled-task-pool-1] INFO  i.p.e.service.dbms.CallSPService -  call statement CALL  update_report_data_first_stg()
2025-04-01 15:31:13 [pliot-scheduled-task-pool-10] INFO  i.p.e.s.b.task.EquipmentPuller -  pull measure 
2025-04-01 15:31:13 [pliot-scheduled-task-pool-6] INFO  i.p.e.s.business.task.MemoryMonitor -  Max memory [MB] 4022 Tot memory [MB] 118 Free memory [MB] 35

2025-04-01 15:31:23 [pliot-scheduled-task-pool-10] INFO  i.p.e.s.business.task.MemoryMonitor -  Max memory [MB] 4022 Tot memory [MB] 118 Free memory [MB] 34

2025-04-01 15:31:23 [pliot-scheduled-task-pool-6] INFO  i.p.e.s.b.task.EquipmentPuller -  pull measure 
2025-04-01 15:31:33 [pliot-scheduled-task-pool-10] INFO  i.p.e.s.b.task.EquipmentPuller -  pull measure 
2025-04-01 15:31:33 [pliot-scheduled-task-pool-6] INFO  i.p.e.s.business.task.MemoryMonitor -  Max memory [MB] 4022 Tot memory [MB] 118 Free memory [MB] 33

2025-04-01 15:31:43 [pliot-scheduled-task-pool-6] INFO  i.p.e.s.b.task.EquipmentPuller -  pull measure 
2025-04-01 15:31:43 [pliot-scheduled-task-pool-10] INFO  i.p.e.s.business.task.MemoryMonitor -  Max memory [MB] 4022 Tot memory [MB] 118 Free memory [MB] 32

2025-04-01 15:31:53 [pliot-scheduled-task-pool-6] INFO  i.p.e.s.business.task.MemoryMonitor -  Max memory [MB] 4022 Tot memory [MB] 118 Free memory [MB] 31

2025-04-01 15:31:53 [pliot-scheduled-task-pool-10] INFO  i.p.e.s.b.task.EquipmentPuller -  pull measure 
2025-04-01 15:32:03 [pliot-scheduled-task-pool-6] INFO  i.p.e.s.business.task.ReportCreation -  Aggregate 10 minutes it.pliot.equipment.service.business.task.ReportCreation@603520f3
2025-04-01 15:32:03 [pliot-scheduled-task-pool-7] INFO  i.p.e.s.b.task.EquipmentPuller -  pull measure 
2025-04-01 15:32:03 [pliot-scheduled-task-pool-6] INFO  i.p.e.service.dbms.CallSPService -  call statement CALL  update_report_data_first_stg()
2025-04-01 15:32:03 [pliot-scheduled-task-pool-3] INFO  i.p.e.s.business.task.MemoryMonitor -  Max memory [MB] 4022 Tot memory [MB] 118 Free memory [MB] 30

2025-04-01 15:32:13 [pliot-scheduled-task-pool-3] INFO  i.p.e.s.business.task.MemoryMonitor -  Max memory [MB] 4022 Tot memory [MB] 118 Free memory [MB] 29

2025-04-01 15:32:13 [pliot-scheduled-task-pool-7] INFO  i.p.e.s.b.task.EquipmentPuller -  pull measure 
2025-04-01 15:32:23 [pliot-scheduled-task-pool-7] INFO  i.p.e.s.b.task.EquipmentPuller -  pull measure 
2025-04-01 15:32:23 [pliot-scheduled-task-pool-10] INFO  i.p.e.s.business.task.MemoryMonitor -  Max memory [MB] 4022 Tot memory [MB] 118 Free memory [MB] 28

2025-04-01 15:32:33 [pliot-scheduled-task-pool-5] INFO  i.p.e.s.business.task.MemoryMonitor -  Max memory [MB] 4022 Tot memory [MB] 118 Free memory [MB] 28

2025-04-01 15:32:33 [pliot-scheduled-task-pool-7] INFO  i.p.e.s.b.task.EquipmentPuller -  pull measure 
2025-04-01 15:32:43 [pliot-scheduled-task-pool-5] INFO  i.p.e.s.business.task.MemoryMonitor -  Max memory [MB] 4022 Tot memory [MB] 118 Free memory [MB] 27

2025-04-01 15:32:43 [pliot-scheduled-task-pool-7] INFO  i.p.e.s.b.task.EquipmentPuller -  pull measure 
2025-04-01 15:32:53 [pliot-scheduled-task-pool-5] INFO  i.p.e.s.business.task.MemoryMonitor -  Max memory [MB] 4022 Tot memory [MB] 118 Free memory [MB] 26

2025-04-01 15:32:53 [pliot-scheduled-task-pool-4] INFO  i.p.e.s.b.task.EquipmentPuller -  pull measure 
2025-04-01 15:33:03 [pliot-scheduled-task-pool-8] INFO  i.p.e.s.business.task.MemoryMonitor -  Max memory [MB] 4022 Tot memory [MB] 118 Free memory [MB] 25

2025-04-01 15:33:03 [pliot-scheduled-task-pool-10] INFO  i.p.e.s.business.task.ReportCreation -  Aggregate 10 minutes it.pliot.equipment.service.business.task.ReportCreation@603520f3
2025-04-01 15:33:03 [pliot-scheduled-task-pool-4] INFO  i.p.e.s.b.task.EquipmentPuller -  pull measure 
2025-04-01 15:33:03 [pliot-scheduled-task-pool-10] INFO  i.p.e.service.dbms.CallSPService -  call statement CALL  update_report_data_first_stg()
2025-04-01 15:33:13 [pliot-scheduled-task-pool-4] INFO  i.p.e.s.b.task.EquipmentPuller -  pull measure 
2025-04-01 15:33:13 [pliot-scheduled-task-pool-8] INFO  i.p.e.s.business.task.MemoryMonitor -  Max memory [MB] 4022 Tot memory [MB] 118 Free memory [MB] 24

2025-04-01 15:33:23 [pliot-scheduled-task-pool-4] INFO  i.p.e.s.b.task.EquipmentPuller -  pull measure 
2025-04-01 15:33:23 [pliot-scheduled-task-pool-5] INFO  i.p.e.s.business.task.MemoryMonitor -  Max memory [MB] 4022 Tot memory [MB] 118 Free memory [MB] 23

2025-04-01 15:33:33 [pliot-scheduled-task-pool-2] INFO  i.p.e.s.business.task.MemoryMonitor -  Max memory [MB] 4022 Tot memory [MB] 118 Free memory [MB] 22

2025-04-01 15:33:33 [pliot-scheduled-task-pool-4] INFO  i.p.e.s.b.task.EquipmentPuller -  pull measure 
2025-04-01 15:33:43 [pliot-scheduled-task-pool-2] INFO  i.p.e.s.business.task.MemoryMonitor -  Max memory [MB] 4022 Tot memory [MB] 118 Free memory [MB] 21

2025-04-01 15:33:43 [pliot-scheduled-task-pool-4] INFO  i.p.e.s.b.task.EquipmentPuller -  pull measure 
2025-04-01 15:33:53 [pliot-scheduled-task-pool-2] INFO  i.p.e.s.b.task.EquipmentPuller -  pull measure 
2025-04-01 15:33:53 [pliot-scheduled-task-pool-4] INFO  i.p.e.s.business.task.MemoryMonitor -  Max memory [MB] 4022 Tot memory [MB] 118 Free memory [MB] 20

2025-04-01 15:34:03 [pliot-scheduled-task-pool-2] INFO  i.p.e.s.b.task.EquipmentPuller -  pull measure 
2025-04-01 15:34:03 [pliot-scheduled-task-pool-1] INFO  i.p.e.s.business.task.MemoryMonitor -  Max memory [MB] 4022 Tot memory [MB] 118 Free memory [MB] 19

2025-04-01 15:34:03 [pliot-scheduled-task-pool-4] INFO  i.p.e.s.business.task.ReportCreation -  Aggregate 10 minutes it.pliot.equipment.service.business.task.ReportCreation@603520f3
2025-04-01 15:34:03 [pliot-scheduled-task-pool-4] INFO  i.p.e.service.dbms.CallSPService -  call statement CALL  update_report_data_first_stg()
2025-04-01 15:34:13 [pliot-scheduled-task-pool-5] INFO  i.p.e.s.business.task.MemoryMonitor -  Max memory [MB] 4022 Tot memory [MB] 118 Free memory [MB] 50

2025-04-01 15:34:13 [pliot-scheduled-task-pool-2] INFO  i.p.e.s.b.task.EquipmentPuller -  pull measure 
2025-04-01 15:34:23 [pliot-scheduled-task-pool-2] INFO  i.p.e.s.b.task.EquipmentPuller -  pull measure 
2025-04-01 15:34:23 [pliot-scheduled-task-pool-10] INFO  i.p.e.s.business.task.MemoryMonitor -  Max memory [MB] 4022 Tot memory [MB] 118 Free memory [MB] 49

2025-04-01 15:34:33 [pliot-scheduled-task-pool-2] INFO  i.p.e.s.b.task.EquipmentPuller -  pull measure 
2025-04-01 15:34:33 [pliot-scheduled-task-pool-1] INFO  i.p.e.s.business.task.MemoryMonitor -  Max memory [MB] 4022 Tot memory [MB] 118 Free memory [MB] 48

2025-04-01 15:34:43 [pliot-scheduled-task-pool-8] INFO  i.p.e.s.business.task.MemoryMonitor -  Max memory [MB] 4022 Tot memory [MB] 118 Free memory [MB] 47

2025-04-01 15:34:43 [pliot-scheduled-task-pool-2] INFO  i.p.e.s.b.task.EquipmentPuller -  pull measure 
2025-04-01 15:34:53 [pliot-scheduled-task-pool-2] INFO  i.p.e.s.b.task.EquipmentPuller -  pull measure 
2025-04-01 15:34:53 [pliot-scheduled-task-pool-9] INFO  i.p.e.s.business.task.MemoryMonitor -  Max memory [MB] 4022 Tot memory [MB] 118 Free memory [MB] 46

2025-04-01 15:35:03 [pliot-scheduled-task-pool-8] INFO  i.p.e.s.business.task.MemoryMonitor -  Max memory [MB] 4022 Tot memory [MB] 118 Free memory [MB] 46

2025-04-01 15:35:03 [pliot-scheduled-task-pool-4] INFO  i.p.e.s.b.task.EquipmentPuller -  pull measure 
2025-04-01 15:35:03 [pliot-scheduled-task-pool-2] INFO  i.p.e.s.business.task.ReportCreation -  Aggregate 10 minutes it.pliot.equipment.service.business.task.ReportCreation@603520f3
2025-04-01 15:35:03 [pliot-scheduled-task-pool-2] INFO  i.p.e.service.dbms.CallSPService -  call statement CALL  update_report_data_first_stg()
2025-04-01 15:35:13 [pliot-scheduled-task-pool-8] INFO  i.p.e.s.business.task.MemoryMonitor -  Max memory [MB] 4022 Tot memory [MB] 118 Free memory [MB] 44

2025-04-01 15:35:13 [pliot-scheduled-task-pool-4] INFO  i.p.e.s.b.task.EquipmentPuller -  pull measure 
2025-04-01 15:35:23 [pliot-scheduled-task-pool-4] INFO  i.p.e.s.b.task.EquipmentPuller -  pull measure 
2025-04-01 15:35:23 [pliot-scheduled-task-pool-9] INFO  i.p.e.s.business.task.MemoryMonitor -  Max memory [MB] 4022 Tot memory [MB] 118 Free memory [MB] 44

2025-04-01 15:35:33 [http-nio-8080-exec-9] INFO  i.p.e.service.ext.UserServiceImpl -  user it.pliot.equipment.security.JwtUser@3c212749 
2025-04-01 15:35:33 [pliot-scheduled-task-pool-4] INFO  i.p.e.s.b.task.EquipmentPuller -  pull measure 
2025-04-01 15:35:33 [pliot-scheduled-task-pool-7] INFO  i.p.e.s.business.task.MemoryMonitor -  Max memory [MB] 4022 Tot memory [MB] 118 Free memory [MB] 42

2025-04-01 15:35:43 [pliot-scheduled-task-pool-1] INFO  i.p.e.s.business.task.MemoryMonitor -  Max memory [MB] 4022 Tot memory [MB] 118 Free memory [MB] 40

2025-04-01 15:35:43 [pliot-scheduled-task-pool-4] INFO  i.p.e.s.b.task.EquipmentPuller -  pull measure 
2025-04-01 15:35:53 [pliot-scheduled-task-pool-1] INFO  i.p.e.s.b.task.EquipmentPuller -  pull measure 
2025-04-01 15:35:53 [pliot-scheduled-task-pool-4] INFO  i.p.e.s.business.task.MemoryMonitor -  Max memory [MB] 4022 Tot memory [MB] 118 Free memory [MB] 39

2025-04-01 15:36:03 [pliot-scheduled-task-pool-4] INFO  i.p.e.s.business.task.ReportCreation -  Aggregate 10 minutes it.pliot.equipment.service.business.task.ReportCreation@603520f3
2025-04-01 15:36:03 [pliot-scheduled-task-pool-1] INFO  i.p.e.s.b.task.EquipmentPuller -  pull measure 
2025-04-01 15:36:03 [pliot-scheduled-task-pool-10] INFO  i.p.e.s.business.task.MemoryMonitor -  Max memory [MB] 4022 Tot memory [MB] 118 Free memory [MB] 39

2025-04-01 15:36:03 [pliot-scheduled-task-pool-4] INFO  i.p.e.service.dbms.CallSPService -  call statement CALL  update_report_data_first_stg()
2025-04-01 15:36:13 [pliot-scheduled-task-pool-10] INFO  i.p.e.s.business.task.MemoryMonitor -  Max memory [MB] 4022 Tot memory [MB] 118 Free memory [MB] 37

2025-04-01 15:36:13 [pliot-scheduled-task-pool-1] INFO  i.p.e.s.b.task.EquipmentPuller -  pull measure 
2025-04-01 15:36:23 [pliot-scheduled-task-pool-10] INFO  i.p.e.s.business.task.MemoryMonitor -  Max memory [MB] 4022 Tot memory [MB] 118 Free memory [MB] 37

2025-04-01 15:36:23 [pliot-scheduled-task-pool-1] INFO  i.p.e.s.b.task.EquipmentPuller -  pull measure 
2025-04-01 15:36:33 [pliot-scheduled-task-pool-1] INFO  i.p.e.s.b.task.EquipmentPuller -  pull measure 
2025-04-01 15:36:33 [pliot-scheduled-task-pool-9] INFO  i.p.e.s.business.task.MemoryMonitor -  Max memory [MB] 4022 Tot memory [MB] 118 Free memory [MB] 36

2025-04-01 15:36:43 [pliot-scheduled-task-pool-1] INFO  i.p.e.s.b.task.EquipmentPuller -  pull measure 
2025-04-01 15:36:43 [pliot-scheduled-task-pool-8] INFO  i.p.e.s.business.task.MemoryMonitor -  Max memory [MB] 4022 Tot memory [MB] 118 Free memory [MB] 35

2025-04-01 15:36:47 [http-nio-8080-exec-1] INFO  i.p.e.service.ext.UserServiceImpl -  user it.pliot.equipment.security.JwtUser@3eb97107 
2025-04-01 15:36:53 [pliot-scheduled-task-pool-1] INFO  i.p.e.s.business.task.MemoryMonitor -  Max memory [MB] 4022 Tot memory [MB] 118 Free memory [MB] 33

2025-04-01 15:36:53 [pliot-scheduled-task-pool-8] INFO  i.p.e.s.b.task.EquipmentPuller -  pull measure 
2025-04-01 15:41:51 [pliot-scheduled-task-pool-8] INFO  i.p.e.s.b.task.EquipmentPuller -  pull measure 
2025-04-01 15:41:51 [pliot-scheduled-task-pool-7] INFO  i.p.e.s.business.task.MemoryMonitor -  Max memory [MB] 4022 Tot memory [MB] 118 Free memory [MB] 32

2025-04-01 15:41:51 [pliot-scheduled-task-pool-10] INFO  i.p.e.s.business.task.ReportCreation -  Aggregate 10 minutes it.pliot.equipment.service.business.task.ReportCreation@603520f3
2025-04-01 15:41:51 [HikariPool-1 housekeeper] WARN  com.zaxxer.hikari.pool.HikariPool - HikariPool-1 - Thread starvation or clock leap detected (housekeeper delta=4m57s29ms483µs200ns).
2025-04-01 15:41:51 [pliot-scheduled-task-pool-7] INFO  i.p.e.s.business.task.MemoryMonitor -  Max memory [MB] 4022 Tot memory [MB] 118 Free memory [MB] 32

2025-04-01 15:41:51 [pliot-scheduled-task-pool-7] INFO  i.p.e.s.business.task.MemoryMonitor -  Max memory [MB] 4022 Tot memory [MB] 118 Free memory [MB] 32

2025-04-01 15:41:51 [pliot-scheduled-task-pool-7] INFO  i.p.e.s.business.task.MemoryMonitor -  Max memory [MB] 4022 Tot memory [MB] 118 Free memory [MB] 32

2025-04-01 15:41:51 [pliot-scheduled-task-pool-10] INFO  i.p.e.service.dbms.CallSPService -  call statement CALL  update_report_data_first_stg()
2025-04-01 15:41:51 [pliot-scheduled-task-pool-7] INFO  i.p.e.s.business.task.MemoryMonitor -  Max memory [MB] 4022 Tot memory [MB] 118 Free memory [MB] 32

2025-04-01 15:41:51 [pliot-scheduled-task-pool-3] INFO  i.p.e.s.business.task.MemoryMonitor -  Max memory [MB] 4022 Tot memory [MB] 118 Free memory [MB] 32

2025-04-01 15:41:51 [pliot-scheduled-task-pool-3] INFO  i.p.e.s.business.task.MemoryMonitor -  Max memory [MB] 4022 Tot memory [MB] 118 Free memory [MB] 32

2025-04-01 15:41:51 [pliot-scheduled-task-pool-3] INFO  i.p.e.s.business.task.MemoryMonitor -  Max memory [MB] 4022 Tot memory [MB] 118 Free memory [MB] 32

2025-04-01 15:41:51 [pliot-scheduled-task-pool-3] INFO  i.p.e.s.business.task.MemoryMonitor -  Max memory [MB] 4022 Tot memory [MB] 118 Free memory [MB] 32

2025-04-01 15:41:51 [pliot-scheduled-task-pool-3] INFO  i.p.e.s.business.task.MemoryMonitor -  Max memory [MB] 4022 Tot memory [MB] 118 Free memory [MB] 32

2025-04-01 15:41:51 [pliot-scheduled-task-pool-3] INFO  i.p.e.s.business.task.MemoryMonitor -  Max memory [MB] 4022 Tot memory [MB] 118 Free memory [MB] 32

2025-04-01 15:41:51 [pliot-scheduled-task-pool-3] INFO  i.p.e.s.business.task.MemoryMonitor -  Max memory [MB] 4022 Tot memory [MB] 118 Free memory [MB] 32

2025-04-01 15:41:51 [pliot-scheduled-task-pool-3] INFO  i.p.e.s.business.task.MemoryMonitor -  Max memory [MB] 4022 Tot memory [MB] 118 Free memory [MB] 32

2025-04-01 15:41:51 [pliot-scheduled-task-pool-3] INFO  i.p.e.s.business.task.MemoryMonitor -  Max memory [MB] 4022 Tot memory [MB] 118 Free memory [MB] 32

2025-04-01 15:41:51 [pliot-scheduled-task-pool-3] INFO  i.p.e.s.business.task.MemoryMonitor -  Max memory [MB] 4022 Tot memory [MB] 118 Free memory [MB] 32

2025-04-01 15:41:51 [pliot-scheduled-task-pool-3] INFO  i.p.e.s.business.task.MemoryMonitor -  Max memory [MB] 4022 Tot memory [MB] 118 Free memory [MB] 32

2025-04-01 15:41:51 [pliot-scheduled-task-pool-3] INFO  i.p.e.s.business.task.MemoryMonitor -  Max memory [MB] 4022 Tot memory [MB] 118 Free memory [MB] 32

2025-04-01 15:41:51 [pliot-scheduled-task-pool-3] INFO  i.p.e.s.business.task.MemoryMonitor -  Max memory [MB] 4022 Tot memory [MB] 118 Free memory [MB] 32

2025-04-01 15:41:51 [pliot-scheduled-task-pool-3] INFO  i.p.e.s.business.task.MemoryMonitor -  Max memory [MB] 4022 Tot memory [MB] 118 Free memory [MB] 32

2025-04-01 15:41:52 [pliot-scheduled-task-pool-3] INFO  i.p.e.s.business.task.MemoryMonitor -  Max memory [MB] 4022 Tot memory [MB] 118 Free memory [MB] 32

2025-04-01 15:41:52 [pliot-scheduled-task-pool-3] INFO  i.p.e.s.business.task.MemoryMonitor -  Max memory [MB] 4022 Tot memory [MB] 118 Free memory [MB] 32

2025-04-01 15:41:52 [pliot-scheduled-task-pool-3] INFO  i.p.e.s.business.task.MemoryMonitor -  Max memory [MB] 4022 Tot memory [MB] 118 Free memory [MB] 32

2025-04-01 15:41:52 [pliot-scheduled-task-pool-3] INFO  i.p.e.s.business.task.MemoryMonitor -  Max memory [MB] 4022 Tot memory [MB] 118 Free memory [MB] 32

2025-04-01 15:41:52 [pliot-scheduled-task-pool-3] INFO  i.p.e.s.business.task.MemoryMonitor -  Max memory [MB] 4022 Tot memory [MB] 118 Free memory [MB] 32

2025-04-01 15:41:52 [pliot-scheduled-task-pool-3] INFO  i.p.e.s.business.task.MemoryMonitor -  Max memory [MB] 4022 Tot memory [MB] 118 Free memory [MB] 32

2025-04-01 15:41:52 [pliot-scheduled-task-pool-3] INFO  i.p.e.s.business.task.MemoryMonitor -  Max memory [MB] 4022 Tot memory [MB] 118 Free memory [MB] 32

2025-04-01 15:41:52 [pliot-scheduled-task-pool-7] INFO  i.p.e.s.business.task.MemoryMonitor -  Max memory [MB] 4022 Tot memory [MB] 118 Free memory [MB] 32

2025-04-01 15:41:52 [pliot-scheduled-task-pool-7] INFO  i.p.e.s.business.task.MemoryMonitor -  Max memory [MB] 4022 Tot memory [MB] 118 Free memory [MB] 32

2025-04-01 15:41:52 [pliot-scheduled-task-pool-7] INFO  i.p.e.s.business.task.MemoryMonitor -  Max memory [MB] 4022 Tot memory [MB] 118 Free memory [MB] 32

2025-04-01 15:41:52 [pliot-scheduled-task-pool-10] INFO  i.p.e.s.business.task.ReportCreation -  Aggregate 10 minutes it.pliot.equipment.service.business.task.ReportCreation@603520f3
2025-04-01 15:41:52 [pliot-scheduled-task-pool-10] INFO  i.p.e.service.dbms.CallSPService -  call statement CALL  update_report_data_first_stg()
2025-04-01 15:41:54 [pliot-scheduled-task-pool-5] INFO  i.p.e.s.business.task.MemoryMonitor -  Max memory [MB] 4022 Tot memory [MB] 118 Free memory [MB] 31

2025-04-01 15:41:55 [pliot-scheduled-task-pool-10] INFO  i.p.e.s.business.task.ReportCreation -  Aggregate 10 minutes it.pliot.equipment.service.business.task.ReportCreation@603520f3
2025-04-01 15:41:55 [pliot-scheduled-task-pool-10] INFO  i.p.e.service.dbms.CallSPService -  call statement CALL  update_report_data_first_stg()
2025-04-01 15:41:55 [pliot-scheduled-task-pool-10] INFO  i.p.e.s.business.task.ReportCreation -  Aggregate 10 minutes it.pliot.equipment.service.business.task.ReportCreation@603520f3
2025-04-01 15:41:55 [pliot-scheduled-task-pool-10] INFO  i.p.e.service.dbms.CallSPService -  call statement CALL  update_report_data_first_stg()
2025-04-01 15:41:55 [pliot-scheduled-task-pool-8] INFO  i.p.e.s.b.task.EquipmentPuller -  pull measure 
2025-04-01 15:41:56 [pliot-scheduled-task-pool-10] INFO  i.p.e.s.business.task.ReportCreation -  Aggregate 10 minutes it.pliot.equipment.service.business.task.ReportCreation@603520f3
2025-04-01 15:41:56 [pliot-scheduled-task-pool-10] INFO  i.p.e.service.dbms.CallSPService -  call statement CALL  update_report_data_first_stg()
2025-04-01 15:41:57 [pliot-scheduled-task-pool-8] INFO  i.p.e.s.b.task.EquipmentPuller -  pull measure 
2025-04-01 15:41:57 [pliot-scheduled-task-pool-8] INFO  i.p.e.s.b.task.EquipmentPuller -  pull measure 
2025-04-01 15:41:57 [pliot-scheduled-task-pool-8] INFO  i.p.e.s.b.task.EquipmentPuller -  pull measure 
2025-04-01 15:41:57 [pliot-scheduled-task-pool-8] INFO  i.p.e.s.b.task.EquipmentPuller -  pull measure 
2025-04-01 15:41:57 [pliot-scheduled-task-pool-8] INFO  i.p.e.s.b.task.EquipmentPuller -  pull measure 
2025-04-01 15:41:57 [pliot-scheduled-task-pool-8] INFO  i.p.e.s.b.task.EquipmentPuller -  pull measure 
2025-04-01 15:41:57 [pliot-scheduled-task-pool-8] INFO  i.p.e.s.b.task.EquipmentPuller -  pull measure 
2025-04-01 15:41:57 [pliot-scheduled-task-pool-8] INFO  i.p.e.s.b.task.EquipmentPuller -  pull measure 
2025-04-01 15:41:57 [pliot-scheduled-task-pool-8] INFO  i.p.e.s.b.task.EquipmentPuller -  pull measure 
2025-04-01 15:41:57 [pliot-scheduled-task-pool-8] INFO  i.p.e.s.b.task.EquipmentPuller -  pull measure 
2025-04-01 15:41:57 [pliot-scheduled-task-pool-8] INFO  i.p.e.s.b.task.EquipmentPuller -  pull measure 
2025-04-01 15:41:57 [pliot-scheduled-task-pool-8] INFO  i.p.e.s.b.task.EquipmentPuller -  pull measure 
2025-04-01 15:41:57 [pliot-scheduled-task-pool-8] INFO  i.p.e.s.b.task.EquipmentPuller -  pull measure 
2025-04-01 15:41:57 [pliot-scheduled-task-pool-10] INFO  i.p.e.s.b.task.EquipmentPuller -  pull measure 
2025-04-01 15:41:57 [pliot-scheduled-task-pool-10] INFO  i.p.e.s.b.task.EquipmentPuller -  pull measure 
2025-04-01 15:41:57 [pliot-scheduled-task-pool-10] INFO  i.p.e.s.b.task.EquipmentPuller -  pull measure 
2025-04-01 15:41:57 [pliot-scheduled-task-pool-10] INFO  i.p.e.s.b.task.EquipmentPuller -  pull measure 
2025-04-01 15:41:57 [pliot-scheduled-task-pool-10] INFO  i.p.e.s.b.task.EquipmentPuller -  pull measure 
2025-04-01 15:41:57 [pliot-scheduled-task-pool-10] INFO  i.p.e.s.b.task.EquipmentPuller -  pull measure 
2025-04-01 15:41:57 [pliot-scheduled-task-pool-10] INFO  i.p.e.s.b.task.EquipmentPuller -  pull measure 
2025-04-01 15:41:57 [pliot-scheduled-task-pool-10] INFO  i.p.e.s.b.task.EquipmentPuller -  pull measure 
2025-04-01 15:41:57 [pliot-scheduled-task-pool-10] INFO  i.p.e.s.b.task.EquipmentPuller -  pull measure 
2025-04-01 15:41:57 [pliot-scheduled-task-pool-10] INFO  i.p.e.s.b.task.EquipmentPuller -  pull measure 
2025-04-01 15:41:57 [pliot-scheduled-task-pool-10] INFO  i.p.e.s.b.task.EquipmentPuller -  pull measure 
2025-04-01 15:41:57 [pliot-scheduled-task-pool-10] INFO  i.p.e.s.b.task.EquipmentPuller -  pull measure 
2025-04-01 15:41:57 [pliot-scheduled-task-pool-10] INFO  i.p.e.s.b.task.EquipmentPuller -  pull measure 
2025-04-01 15:41:57 [pliot-scheduled-task-pool-10] INFO  i.p.e.s.b.task.EquipmentPuller -  pull measure 
2025-04-01 15:41:57 [pliot-scheduled-task-pool-10] INFO  i.p.e.s.b.task.EquipmentPuller -  pull measure 
2025-04-01 15:42:03 [pliot-scheduled-task-pool-10] INFO  i.p.e.s.b.task.EquipmentPuller -  pull measure 
2025-04-01 15:42:03 [pliot-scheduled-task-pool-2] INFO  i.p.e.s.business.task.ReportCreation -  Aggregate 10 minutes it.pliot.equipment.service.business.task.ReportCreation@603520f3
2025-04-01 15:42:03 [pliot-scheduled-task-pool-9] INFO  i.p.e.s.business.task.MemoryMonitor -  Max memory [MB] 4022 Tot memory [MB] 118 Free memory [MB] 28

2025-04-01 15:42:03 [pliot-scheduled-task-pool-2] INFO  i.p.e.service.dbms.CallSPService -  call statement CALL  update_report_data_first_stg()
2025-04-01 15:42:13 [pliot-scheduled-task-pool-5] INFO  i.p.e.s.business.task.MemoryMonitor -  Max memory [MB] 4022 Tot memory [MB] 118 Free memory [MB] 27

2025-04-01 15:42:13 [pliot-scheduled-task-pool-10] INFO  i.p.e.s.b.task.EquipmentPuller -  pull measure 
2025-04-01 15:42:20 [http-nio-8080-exec-6] INFO  i.p.e.service.ext.UserServiceImpl -  user it.pliot.equipment.security.JwtUser@30904495 
2025-04-01 15:42:23 [pliot-scheduled-task-pool-10] INFO  i.p.e.s.b.task.EquipmentPuller -  pull measure 
2025-04-01 15:42:23 [pliot-scheduled-task-pool-5] INFO  i.p.e.s.business.task.MemoryMonitor -  Max memory [MB] 4022 Tot memory [MB] 118 Free memory [MB] 26

2025-04-01 15:42:33 [pliot-scheduled-task-pool-10] INFO  i.p.e.s.business.task.MemoryMonitor -  Max memory [MB] 4022 Tot memory [MB] 118 Free memory [MB] 24

2025-04-01 15:42:33 [pliot-scheduled-task-pool-5] INFO  i.p.e.s.b.task.EquipmentPuller -  pull measure 
2025-04-01 15:42:43 [pliot-scheduled-task-pool-5] INFO  i.p.e.s.b.task.EquipmentPuller -  pull measure 
2025-04-01 15:42:43 [pliot-scheduled-task-pool-10] INFO  i.p.e.s.business.task.MemoryMonitor -  Max memory [MB] 4022 Tot memory [MB] 118 Free memory [MB] 23

2025-04-01 15:44:42 [pliot-scheduled-task-pool-4] INFO  i.p.e.s.business.task.ReportCreation -  Aggregate 10 minutes it.pliot.equipment.service.business.task.ReportCreation@603520f3
2025-04-01 15:44:42 [HikariPool-1 housekeeper] WARN  com.zaxxer.hikari.pool.HikariPool - HikariPool-1 - Thread starvation or clock leap detected (housekeeper delta=2m20s862ms609µs600ns).
2025-04-01 15:44:42 [pliot-scheduled-task-pool-10] INFO  i.p.e.s.b.task.EquipmentPuller -  pull measure 
2025-04-01 15:44:42 [pliot-scheduled-task-pool-4] INFO  i.p.e.service.dbms.CallSPService -  call statement CALL  update_report_data_first_stg()
2025-04-01 15:44:42 [pliot-scheduled-task-pool-5] INFO  i.p.e.s.business.task.MemoryMonitor -  Max memory [MB] 4022 Tot memory [MB] 118 Free memory [MB] 23

2025-04-01 15:44:42 [pliot-scheduled-task-pool-5] INFO  i.p.e.s.business.task.MemoryMonitor -  Max memory [MB] 4022 Tot memory [MB] 118 Free memory [MB] 23

2025-04-01 15:44:42 [pliot-scheduled-task-pool-5] INFO  i.p.e.s.business.task.MemoryMonitor -  Max memory [MB] 4022 Tot memory [MB] 118 Free memory [MB] 23

2025-04-01 15:44:42 [pliot-scheduled-task-pool-5] INFO  i.p.e.s.business.task.MemoryMonitor -  Max memory [MB] 4022 Tot memory [MB] 118 Free memory [MB] 23

2025-04-01 15:44:42 [pliot-scheduled-task-pool-5] INFO  i.p.e.s.business.task.MemoryMonitor -  Max memory [MB] 4022 Tot memory [MB] 118 Free memory [MB] 23

2025-04-01 15:44:42 [pliot-scheduled-task-pool-5] INFO  i.p.e.s.business.task.MemoryMonitor -  Max memory [MB] 4022 Tot memory [MB] 118 Free memory [MB] 23

2025-04-01 15:44:42 [pliot-scheduled-task-pool-5] INFO  i.p.e.s.business.task.MemoryMonitor -  Max memory [MB] 4022 Tot memory [MB] 118 Free memory [MB] 22

2025-04-01 15:44:42 [pliot-scheduled-task-pool-5] INFO  i.p.e.s.business.task.MemoryMonitor -  Max memory [MB] 4022 Tot memory [MB] 118 Free memory [MB] 22

2025-04-01 15:44:42 [pliot-scheduled-task-pool-5] INFO  i.p.e.s.business.task.MemoryMonitor -  Max memory [MB] 4022 Tot memory [MB] 118 Free memory [MB] 22

2025-04-01 15:44:42 [pliot-scheduled-task-pool-5] INFO  i.p.e.s.business.task.MemoryMonitor -  Max memory [MB] 4022 Tot memory [MB] 118 Free memory [MB] 22

2025-04-01 15:44:42 [pliot-scheduled-task-pool-5] INFO  i.p.e.s.business.task.MemoryMonitor -  Max memory [MB] 4022 Tot memory [MB] 118 Free memory [MB] 22

2025-04-01 15:44:43 [pliot-scheduled-task-pool-5] INFO  i.p.e.s.business.task.MemoryMonitor -  Max memory [MB] 4022 Tot memory [MB] 118 Free memory [MB] 22

2025-04-01 15:44:43 [pliot-scheduled-task-pool-4] INFO  i.p.e.s.business.task.ReportCreation -  Aggregate 10 minutes it.pliot.equipment.service.business.task.ReportCreation@603520f3
2025-04-01 15:44:43 [pliot-scheduled-task-pool-4] INFO  i.p.e.service.dbms.CallSPService -  call statement CALL  update_report_data_first_stg()
2025-04-01 15:44:44 [pliot-scheduled-task-pool-10] INFO  i.p.e.s.b.task.EquipmentPuller -  pull measure 
2025-04-01 15:44:44 [pliot-scheduled-task-pool-10] INFO  i.p.e.s.b.task.EquipmentPuller -  pull measure 
2025-04-01 15:44:44 [pliot-scheduled-task-pool-10] INFO  i.p.e.s.b.task.EquipmentPuller -  pull measure 
2025-04-01 15:44:44 [pliot-scheduled-task-pool-10] INFO  i.p.e.s.b.task.EquipmentPuller -  pull measure 
2025-04-01 15:44:44 [pliot-scheduled-task-pool-10] INFO  i.p.e.s.b.task.EquipmentPuller -  pull measure 
2025-04-01 15:44:44 [pliot-scheduled-task-pool-10] INFO  i.p.e.s.b.task.EquipmentPuller -  pull measure 
2025-04-01 15:44:44 [pliot-scheduled-task-pool-10] INFO  i.p.e.s.b.task.EquipmentPuller -  pull measure 
2025-04-01 15:44:44 [pliot-scheduled-task-pool-10] INFO  i.p.e.s.b.task.EquipmentPuller -  pull measure 
2025-04-01 15:44:44 [pliot-scheduled-task-pool-10] INFO  i.p.e.s.b.task.EquipmentPuller -  pull measure 
2025-04-01 15:44:44 [pliot-scheduled-task-pool-10] INFO  i.p.e.s.b.task.EquipmentPuller -  pull measure 
2025-04-01 15:44:44 [pliot-scheduled-task-pool-10] INFO  i.p.e.s.b.task.EquipmentPuller -  pull measure 
2025-04-01 15:44:53 [pliot-scheduled-task-pool-10] INFO  i.p.e.s.b.task.EquipmentPuller -  pull measure 
2025-04-01 15:44:53 [pliot-scheduled-task-pool-2] INFO  i.p.e.s.business.task.MemoryMonitor -  Max memory [MB] 4022 Tot memory [MB] 118 Free memory [MB] 21

2025-04-01 15:45:03 [pliot-scheduled-task-pool-2] INFO  i.p.e.s.business.task.ReportCreation -  Aggregate 10 minutes it.pliot.equipment.service.business.task.ReportCreation@603520f3
2025-04-01 15:45:03 [pliot-scheduled-task-pool-1] INFO  i.p.e.s.business.task.MemoryMonitor -  Max memory [MB] 4022 Tot memory [MB] 118 Free memory [MB] 20

2025-04-01 15:45:03 [pliot-scheduled-task-pool-10] INFO  i.p.e.s.b.task.EquipmentPuller -  pull measure 
2025-04-01 15:45:03 [pliot-scheduled-task-pool-2] INFO  i.p.e.service.dbms.CallSPService -  call statement CALL  update_report_data_first_stg()
2025-04-01 15:45:13 [pliot-scheduled-task-pool-7] INFO  i.p.e.s.business.task.MemoryMonitor -  Max memory [MB] 4022 Tot memory [MB] 118 Free memory [MB] 50

2025-04-01 15:45:13 [pliot-scheduled-task-pool-10] INFO  i.p.e.s.b.task.EquipmentPuller -  pull measure 
2025-04-01 15:45:23 [pliot-scheduled-task-pool-5] INFO  i.p.e.s.business.task.MemoryMonitor -  Max memory [MB] 4022 Tot memory [MB] 118 Free memory [MB] 49

2025-04-01 15:45:23 [pliot-scheduled-task-pool-10] INFO  i.p.e.s.b.task.EquipmentPuller -  pull measure 
2025-04-01 15:45:33 [pliot-scheduled-task-pool-5] INFO  i.p.e.s.business.task.MemoryMonitor -  Max memory [MB] 4022 Tot memory [MB] 118 Free memory [MB] 48

2025-04-01 15:45:33 [pliot-scheduled-task-pool-10] INFO  i.p.e.s.b.task.EquipmentPuller -  pull measure 
2025-04-01 15:45:43 [pliot-scheduled-task-pool-10] INFO  i.p.e.s.b.task.EquipmentPuller -  pull measure 
2025-04-01 15:45:43 [pliot-scheduled-task-pool-5] INFO  i.p.e.s.business.task.MemoryMonitor -  Max memory [MB] 4022 Tot memory [MB] 118 Free memory [MB] 48

2025-04-01 15:45:53 [pliot-scheduled-task-pool-10] INFO  i.p.e.s.b.task.EquipmentPuller -  pull measure 
2025-04-01 15:45:53 [pliot-scheduled-task-pool-4] INFO  i.p.e.s.business.task.MemoryMonitor -  Max memory [MB] 4022 Tot memory [MB] 118 Free memory [MB] 47

2025-04-01 15:45:55 [http-nio-8080-exec-7] INFO  i.p.e.service.ext.UserServiceImpl -  user it.pliot.equipment.security.JwtUser@44447bc 
2025-04-01 15:46:03 [pliot-scheduled-task-pool-4] INFO  i.p.e.s.b.task.EquipmentPuller -  pull measure 
2025-04-01 15:46:03 [pliot-scheduled-task-pool-5] INFO  i.p.e.s.business.task.ReportCreation -  Aggregate 10 minutes it.pliot.equipment.service.business.task.ReportCreation@603520f3
2025-04-01 15:46:03 [pliot-scheduled-task-pool-10] INFO  i.p.e.s.business.task.MemoryMonitor -  Max memory [MB] 4022 Tot memory [MB] 118 Free memory [MB] 45

2025-04-01 15:46:03 [pliot-scheduled-task-pool-5] INFO  i.p.e.service.dbms.CallSPService -  call statement CALL  update_report_data_first_stg()
2025-04-01 15:46:13 [pliot-scheduled-task-pool-4] INFO  i.p.e.s.business.task.MemoryMonitor -  Max memory [MB] 4022 Tot memory [MB] 118 Free memory [MB] 44

2025-04-01 15:46:13 [pliot-scheduled-task-pool-10] INFO  i.p.e.s.b.task.EquipmentPuller -  pull measure 
2025-04-01 15:46:23 [pliot-scheduled-task-pool-4] INFO  i.p.e.s.b.task.EquipmentPuller -  pull measure 
2025-04-01 15:46:23 [pliot-scheduled-task-pool-10] INFO  i.p.e.s.business.task.MemoryMonitor -  Max memory [MB] 4022 Tot memory [MB] 118 Free memory [MB] 43

2025-04-01 15:46:28 [http-nio-8080-exec-9] INFO  i.p.e.service.ext.UserServiceImpl -  user it.pliot.equipment.security.JwtUser@7ae5f8c9 
2025-04-01 15:46:33 [pliot-scheduled-task-pool-10] INFO  i.p.e.s.b.task.EquipmentPuller -  pull measure 
2025-04-01 15:46:33 [pliot-scheduled-task-pool-4] INFO  i.p.e.s.business.task.MemoryMonitor -  Max memory [MB] 4022 Tot memory [MB] 118 Free memory [MB] 42

2025-04-01 15:46:43 [pliot-scheduled-task-pool-10] INFO  i.p.e.s.b.task.EquipmentPuller -  pull measure 
2025-04-01 15:46:43 [pliot-scheduled-task-pool-4] INFO  i.p.e.s.business.task.MemoryMonitor -  Max memory [MB] 4022 Tot memory [MB] 118 Free memory [MB] 41

2025-04-01 15:46:58 [pliot-scheduled-task-pool-4] INFO  i.p.e.s.b.task.EquipmentPuller -  pull measure 
2025-04-01 15:46:58 [pliot-scheduled-task-pool-10] INFO  i.p.e.s.business.task.MemoryMonitor -  Max memory [MB] 4022 Tot memory [MB] 118 Free memory [MB] 39

2025-04-01 15:47:03 [pliot-scheduled-task-pool-10] INFO  i.p.e.s.b.task.EquipmentPuller -  pull measure 
2025-04-01 15:47:03 [pliot-scheduled-task-pool-4] INFO  i.p.e.s.business.task.MemoryMonitor -  Max memory [MB] 4022 Tot memory [MB] 118 Free memory [MB] 38

2025-04-01 15:47:03 [pliot-scheduled-task-pool-4] INFO  i.p.e.s.business.task.ReportCreation -  Aggregate 10 minutes it.pliot.equipment.service.business.task.ReportCreation@603520f3
2025-04-01 15:47:03 [pliot-scheduled-task-pool-4] INFO  i.p.e.service.dbms.CallSPService -  call statement CALL  update_report_data_first_stg()
2025-04-01 15:48:17 [pliot-scheduled-task-pool-8] INFO  i.p.e.s.business.task.MemoryMonitor -  Max memory [MB] 4022 Tot memory [MB] 118 Free memory [MB] 38

2025-04-01 15:48:17 [HikariPool-1 housekeeper] WARN  com.zaxxer.hikari.pool.HikariPool - HikariPool-1 - Thread starvation or clock leap detected (housekeeper delta=1m35s378ms582µs300ns).
2025-04-01 15:48:17 [pliot-scheduled-task-pool-8] INFO  i.p.e.s.business.task.MemoryMonitor -  Max memory [MB] 4022 Tot memory [MB] 118 Free memory [MB] 38

2025-04-01 15:48:17 [pliot-scheduled-task-pool-8] INFO  i.p.e.s.business.task.MemoryMonitor -  Max memory [MB] 4022 Tot memory [MB] 118 Free memory [MB] 38

2025-04-01 15:48:17 [pliot-scheduled-task-pool-8] INFO  i.p.e.s.business.task.MemoryMonitor -  Max memory [MB] 4022 Tot memory [MB] 118 Free memory [MB] 38

2025-04-01 15:48:17 [pliot-scheduled-task-pool-8] INFO  i.p.e.s.business.task.MemoryMonitor -  Max memory [MB] 4022 Tot memory [MB] 118 Free memory [MB] 38

2025-04-01 15:48:17 [pliot-scheduled-task-pool-8] INFO  i.p.e.s.business.task.MemoryMonitor -  Max memory [MB] 4022 Tot memory [MB] 118 Free memory [MB] 38

2025-04-01 15:48:17 [pliot-scheduled-task-pool-8] INFO  i.p.e.s.business.task.MemoryMonitor -  Max memory [MB] 4022 Tot memory [MB] 118 Free memory [MB] 38

2025-04-01 15:48:18 [pliot-scheduled-task-pool-4] INFO  i.p.e.s.business.task.ReportCreation -  Aggregate 10 minutes it.pliot.equipment.service.business.task.ReportCreation@603520f3
2025-04-01 15:48:18 [pliot-scheduled-task-pool-4] INFO  i.p.e.service.dbms.CallSPService -  call statement CALL  update_report_data_first_stg()
2025-04-01 15:48:19 [pliot-scheduled-task-pool-10] INFO  i.p.e.s.b.task.EquipmentPuller -  pull measure 
2025-04-01 15:48:19 [pliot-scheduled-task-pool-10] INFO  i.p.e.s.b.task.EquipmentPuller -  pull measure 
2025-04-01 15:48:19 [pliot-scheduled-task-pool-10] INFO  i.p.e.s.b.task.EquipmentPuller -  pull measure 
2025-04-01 15:48:19 [pliot-scheduled-task-pool-10] INFO  i.p.e.s.b.task.EquipmentPuller -  pull measure 
2025-04-01 15:48:19 [pliot-scheduled-task-pool-10] INFO  i.p.e.s.b.task.EquipmentPuller -  pull measure 
2025-04-01 15:48:19 [pliot-scheduled-task-pool-10] INFO  i.p.e.s.b.task.EquipmentPuller -  pull measure 
2025-04-01 15:48:19 [pliot-scheduled-task-pool-10] INFO  i.p.e.s.b.task.EquipmentPuller -  pull measure 
2025-04-01 15:48:23 [pliot-scheduled-task-pool-10] INFO  i.p.e.s.b.task.EquipmentPuller -  pull measure 
2025-04-01 15:48:23 [pliot-scheduled-task-pool-6] INFO  i.p.e.s.business.task.MemoryMonitor -  Max memory [MB] 4022 Tot memory [MB] 118 Free memory [MB] 36

2025-04-01 15:48:26 [http-nio-8080-exec-8] INFO  i.p.e.service.ext.UserServiceImpl -  user it.pliot.equipment.security.JwtUser@300759c8 
2025-04-01 15:48:33 [pliot-scheduled-task-pool-10] INFO  i.p.e.s.business.task.MemoryMonitor -  Max memory [MB] 4022 Tot memory [MB] 118 Free memory [MB] 34

2025-04-01 15:48:33 [pliot-scheduled-task-pool-4] INFO  i.p.e.s.b.task.EquipmentPuller -  pull measure 
2025-04-01 15:48:43 [pliot-scheduled-task-pool-8] INFO  i.p.e.s.business.task.MemoryMonitor -  Max memory [MB] 4022 Tot memory [MB] 118 Free memory [MB] 33

2025-04-01 15:48:43 [pliot-scheduled-task-pool-4] INFO  i.p.e.s.b.task.EquipmentPuller -  pull measure 
2025-04-01 15:49:10 [pliot-scheduled-task-pool-4] INFO  i.p.e.s.business.task.MemoryMonitor -  Max memory [MB] 4022 Tot memory [MB] 118 Free memory [MB] 32

2025-04-01 15:49:10 [pliot-scheduled-task-pool-6] INFO  i.p.e.s.b.task.EquipmentPuller -  pull measure 
2025-04-01 15:49:10 [pliot-scheduled-task-pool-8] INFO  i.p.e.s.business.task.ReportCreation -  Aggregate 10 minutes it.pliot.equipment.service.business.task.ReportCreation@603520f3
2025-04-01 15:49:10 [pliot-scheduled-task-pool-4] INFO  i.p.e.s.business.task.MemoryMonitor -  Max memory [MB] 4022 Tot memory [MB] 118 Free memory [MB] 32

2025-04-01 15:49:10 [HikariPool-1 housekeeper] WARN  com.zaxxer.hikari.pool.HikariPool - HikariPool-1 - Thread starvation or clock leap detected (housekeeper delta=52s934ms916µs500ns).
2025-04-01 15:49:10 [pliot-scheduled-task-pool-8] INFO  i.p.e.service.dbms.CallSPService -  call statement CALL  update_report_data_first_stg()
2025-04-01 15:49:13 [pliot-scheduled-task-pool-4] INFO  i.p.e.s.business.task.MemoryMonitor -  Max memory [MB] 4022 Tot memory [MB] 118 Free memory [MB] 32

2025-04-01 15:49:39 [pliot-scheduled-task-pool-4] INFO  i.p.e.s.business.task.MemoryMonitor -  Max memory [MB] 4022 Tot memory [MB] 118 Free memory [MB] 32

2025-04-01 15:49:39 [pliot-scheduled-task-pool-4] INFO  i.p.e.s.business.task.MemoryMonitor -  Max memory [MB] 4022 Tot memory [MB] 118 Free memory [MB] 32

2025-04-01 15:49:39 [pliot-scheduled-task-pool-6] INFO  i.p.e.s.b.task.EquipmentPuller -  pull measure 
2025-04-01 15:49:39 [pliot-scheduled-task-pool-6] INFO  i.p.e.s.b.task.EquipmentPuller -  pull measure 
2025-04-01 15:49:39 [pliot-scheduled-task-pool-6] INFO  i.p.e.s.b.task.EquipmentPuller -  pull measure 
2025-04-01 15:49:39 [pliot-scheduled-task-pool-6] INFO  i.p.e.s.b.task.EquipmentPuller -  pull measure 
2025-04-01 15:49:43 [pliot-scheduled-task-pool-8] INFO  i.p.e.s.b.task.EquipmentPuller -  pull measure 
2025-04-01 15:49:43 [pliot-scheduled-task-pool-5] INFO  i.p.e.s.business.task.MemoryMonitor -  Max memory [MB] 4022 Tot memory [MB] 118 Free memory [MB] 30

2025-04-01 15:49:53 [pliot-scheduled-task-pool-8] INFO  i.p.e.s.b.task.EquipmentPuller -  pull measure 
2025-04-01 15:49:53 [pliot-scheduled-task-pool-2] INFO  i.p.e.s.business.task.MemoryMonitor -  Max memory [MB] 4022 Tot memory [MB] 118 Free memory [MB] 30

2025-04-01 15:50:03 [pliot-scheduled-task-pool-6] INFO  i.p.e.s.b.task.EquipmentPuller -  pull measure 
2025-04-01 15:50:03 [pliot-scheduled-task-pool-7] INFO  i.p.e.s.business.task.MemoryMonitor -  Max memory [MB] 4022 Tot memory [MB] 118 Free memory [MB] 29

2025-04-01 15:50:03 [pliot-scheduled-task-pool-8] INFO  i.p.e.s.business.task.ReportCreation -  Aggregate 10 minutes it.pliot.equipment.service.business.task.ReportCreation@603520f3
2025-04-01 15:50:03 [pliot-scheduled-task-pool-8] INFO  i.p.e.service.dbms.CallSPService -  call statement CALL  update_report_data_first_stg()
2025-04-01 15:50:45 [pliot-scheduled-task-pool-7] INFO  i.p.e.s.business.task.MemoryMonitor -  Max memory [MB] 4022 Tot memory [MB] 118 Free memory [MB] 29

2025-04-01 15:50:45 [HikariPool-1 housekeeper] WARN  com.zaxxer.hikari.pool.HikariPool - HikariPool-1 - Thread starvation or clock leap detected (housekeeper delta=1m4s757ms603µs300ns).
2025-04-01 15:50:45 [pliot-scheduled-task-pool-7] INFO  i.p.e.s.business.task.MemoryMonitor -  Max memory [MB] 4022 Tot memory [MB] 118 Free memory [MB] 29

2025-04-01 15:50:45 [pliot-scheduled-task-pool-7] INFO  i.p.e.s.business.task.MemoryMonitor -  Max memory [MB] 4022 Tot memory [MB] 118 Free memory [MB] 29

2025-04-01 15:50:45 [pliot-scheduled-task-pool-7] INFO  i.p.e.s.business.task.MemoryMonitor -  Max memory [MB] 4022 Tot memory [MB] 118 Free memory [MB] 29

2025-04-01 15:50:45 [pliot-scheduled-task-pool-6] INFO  i.p.e.s.b.task.EquipmentPuller -  pull measure 
2025-04-01 15:50:45 [pliot-scheduled-task-pool-6] INFO  i.p.e.s.b.task.EquipmentPuller -  pull measure 
2025-04-01 15:50:45 [pliot-scheduled-task-pool-6] INFO  i.p.e.s.b.task.EquipmentPuller -  pull measure 
2025-04-01 15:50:45 [pliot-scheduled-task-pool-6] INFO  i.p.e.s.b.task.EquipmentPuller -  pull measure 
2025-04-01 15:50:53 [pliot-scheduled-task-pool-7] INFO  i.p.e.s.b.task.EquipmentPuller -  pull measure 
2025-04-01 15:50:53 [pliot-scheduled-task-pool-2] INFO  i.p.e.s.business.task.MemoryMonitor -  Max memory [MB] 4022 Tot memory [MB] 118 Free memory [MB] 28

2025-04-01 15:51:03 [pliot-scheduled-task-pool-2] INFO  i.p.e.s.business.task.ReportCreation -  Aggregate 10 minutes it.pliot.equipment.service.business.task.ReportCreation@603520f3
2025-04-01 15:51:03 [pliot-scheduled-task-pool-6] INFO  i.p.e.s.b.task.EquipmentPuller -  pull measure 
2025-04-01 15:51:03 [pliot-scheduled-task-pool-9] INFO  i.p.e.s.business.task.MemoryMonitor -  Max memory [MB] 4022 Tot memory [MB] 118 Free memory [MB] 27

2025-04-01 15:51:03 [pliot-scheduled-task-pool-2] INFO  i.p.e.service.dbms.CallSPService -  call statement CALL  update_report_data_first_stg()
2025-04-01 15:51:13 [pliot-scheduled-task-pool-6] INFO  i.p.e.s.b.task.EquipmentPuller -  pull measure 
2025-04-01 15:51:13 [pliot-scheduled-task-pool-9] INFO  i.p.e.s.business.task.MemoryMonitor -  Max memory [MB] 4022 Tot memory [MB] 118 Free memory [MB] 26

2025-04-01 15:51:23 [pliot-scheduled-task-pool-6] INFO  i.p.e.s.b.task.EquipmentPuller -  pull measure 
2025-04-01 15:51:23 [pliot-scheduled-task-pool-1] INFO  i.p.e.s.business.task.MemoryMonitor -  Max memory [MB] 4022 Tot memory [MB] 118 Free memory [MB] 25

2025-04-01 15:51:33 [pliot-scheduled-task-pool-4] INFO  i.p.e.s.business.task.MemoryMonitor -  Max memory [MB] 4022 Tot memory [MB] 118 Free memory [MB] 24

2025-04-01 15:51:33 [pliot-scheduled-task-pool-8] INFO  i.p.e.s.b.task.EquipmentPuller -  pull measure 
2025-04-01 15:51:43 [pliot-scheduled-task-pool-8] INFO  i.p.e.s.b.task.EquipmentPuller -  pull measure 
2025-04-01 15:51:43 [pliot-scheduled-task-pool-5] INFO  i.p.e.s.business.task.MemoryMonitor -  Max memory [MB] 4022 Tot memory [MB] 118 Free memory [MB] 23

2025-04-01 15:51:53 [pliot-scheduled-task-pool-5] INFO  i.p.e.s.b.task.EquipmentPuller -  pull measure 
2025-04-01 15:51:53 [pliot-scheduled-task-pool-8] INFO  i.p.e.s.business.task.MemoryMonitor -  Max memory [MB] 4022 Tot memory [MB] 118 Free memory [MB] 21

2025-04-01 15:52:03 [pliot-scheduled-task-pool-5] INFO  i.p.e.s.b.task.EquipmentPuller -  pull measure 
2025-04-01 15:52:03 [pliot-scheduled-task-pool-7] INFO  i.p.e.s.business.task.MemoryMonitor -  Max memory [MB] 4022 Tot memory [MB] 118 Free memory [MB] 51

2025-04-01 15:52:03 [pliot-scheduled-task-pool-3] INFO  i.p.e.s.business.task.ReportCreation -  Aggregate 10 minutes it.pliot.equipment.service.business.task.ReportCreation@603520f3
2025-04-01 15:52:03 [pliot-scheduled-task-pool-3] INFO  i.p.e.service.dbms.CallSPService -  call statement CALL  update_report_data_first_stg()
2025-04-01 15:52:13 [pliot-scheduled-task-pool-5] INFO  i.p.e.s.business.task.MemoryMonitor -  Max memory [MB] 4022 Tot memory [MB] 118 Free memory [MB] 49

2025-04-01 15:52:13 [pliot-scheduled-task-pool-7] INFO  i.p.e.s.b.task.EquipmentPuller -  pull measure 
2025-04-01 15:52:23 [pliot-scheduled-task-pool-7] INFO  i.p.e.s.b.task.EquipmentPuller -  pull measure 
2025-04-01 15:52:23 [pliot-scheduled-task-pool-8] INFO  i.p.e.s.business.task.MemoryMonitor -  Max memory [MB] 4022 Tot memory [MB] 118 Free memory [MB] 47

2025-04-01 15:52:33 [pliot-scheduled-task-pool-8] INFO  i.p.e.s.business.task.MemoryMonitor -  Max memory [MB] 4022 Tot memory [MB] 118 Free memory [MB] 46

2025-04-01 15:52:33 [pliot-scheduled-task-pool-3] INFO  i.p.e.s.b.task.EquipmentPuller -  pull measure 
2025-04-01 15:52:43 [pliot-scheduled-task-pool-8] INFO  i.p.e.s.business.task.MemoryMonitor -  Max memory [MB] 4022 Tot memory [MB] 118 Free memory [MB] 45

2025-04-01 15:52:43 [pliot-scheduled-task-pool-3] INFO  i.p.e.s.b.task.EquipmentPuller -  pull measure 
2025-04-01 15:52:45 [SpringApplicationShutdownHook] INFO  o.s.b.w.e.tomcat.GracefulShutdown - Commencing graceful shutdown. Waiting for active requests to complete
2025-04-01 15:52:46 [tomcat-shutdown] INFO  o.s.b.w.e.tomcat.GracefulShutdown - Graceful shutdown complete
2025-04-01 15:52:46 [SpringApplicationShutdownHook] INFO  o.a.c.i.engine.AbstractCamelContext - Apache Camel 4.9.0 (camel-1) is shutting down (timeout:45s)
2025-04-01 15:52:46 [SpringApplicationShutdownHook] INFO  o.a.c.i.engine.AbstractCamelContext - Routes stopped (total:0)
2025-04-01 15:52:46 [SpringApplicationShutdownHook] INFO  o.a.c.i.engine.AbstractCamelContext - Apache Camel 4.9.0 (camel-1) shutdown in 19ms (uptime:29m42s)
2025-04-01 15:52:46 [SpringApplicationShutdownHook] INFO  o.a.activemq.artemis.core.server - AMQ221002: Apache ActiveMQ Artemis Message Broker version 2.37.0 [6c99789e-0efc-11f0-a49b-00090faa0001] stopped, uptime 29 minutes
2025-04-01 15:52:46 [SpringApplicationShutdownHook] INFO  o.s.o.j.LocalContainerEntityManagerFactoryBean - Closing JPA EntityManagerFactory for persistence unit 'default'
2025-04-01 15:52:46 [SpringApplicationShutdownHook] INFO  com.zaxxer.hikari.HikariDataSource - HikariPool-1 - Shutdown initiated...
2025-04-01 15:52:46 [SpringApplicationShutdownHook] INFO  com.zaxxer.hikari.HikariDataSource - HikariPool-1 - Shutdown completed.
2025-04-01 15:52:46 [SpringApplicationShutdownHook] INFO  i.hawt.web.auth.AuthenticationFilter - Destroying hawtio authentication filter
2025-04-01 15:52:46 [SpringApplicationShutdownHook] INFO  i.hawt.web.auth.AuthenticationFilter - Destroying hawtio authentication filter
2025-04-01 15:52:46 [SpringApplicationShutdownHook] INFO  io.hawt.HawtioContextListener - Destroying Hawtio services
2025-04-01 16:11:40 [main] INFO  i.p.equipment.EquipmentApplication - Starting EquipmentApplication using Java 17.0.2 with PID 22628 (C:\progetti\equipment\rest\target\classes started by giuse in C:\progetti\equipment\rest)
2025-04-01 16:11:40 [main] INFO  i.p.equipment.EquipmentApplication - No active profile set, falling back to 1 default profile: "default"
2025-04-01 16:11:51 [main] INFO  o.s.d.r.c.RepositoryConfigurationDelegate - Bootstrapping Spring Data JPA repositories in DEFAULT mode.
2025-04-01 16:11:51 [main] INFO  o.s.d.r.c.RepositoryConfigurationDelegate - Finished Spring Data repository scanning in 401 ms. Found 10 JPA repository interfaces.
2025-04-01 16:11:57 [main] INFO  o.s.b.w.e.tomcat.TomcatWebServer - Tomcat initialized with port 8080 (http)
2025-04-01 16:11:57 [main] INFO  o.a.coyote.http11.Http11NioProtocol - Initializing ProtocolHandler ["http-nio-8080"]
2025-04-01 16:11:57 [main] INFO  o.a.catalina.core.StandardService - Starting service [Tomcat]
2025-04-01 16:11:57 [main] INFO  o.a.catalina.core.StandardEngine - Starting Servlet engine: [Apache Tomcat/10.1.34]
2025-04-01 16:11:58 [main] INFO  o.a.c.c.C.[Tomcat].[localhost].[/] - Initializing Spring embedded WebApplicationContext
2025-04-01 16:11:58 [main] INFO  o.s.b.w.s.c.ServletWebServerApplicationContext - Root WebApplicationContext: initialization completed in 17560 ms
2025-04-01 16:11:59 [main] INFO  o.s.b.a.e.w.ServletEndpointRegistrar - Registered '/actuator/jolokia' to jolokia-actuator-endpoint
2025-04-01 16:11:59 [main] INFO  io.hawt.HawtioContextListener - Initialising Hawtio services
2025-04-01 16:11:59 [main] INFO  io.hawt.jmx.JmxTreeWatcher - Welcome to Hawtio 4.2.0
2025-04-01 16:11:59 [main] INFO  i.h.w.a.AuthenticationConfiguration - Authentication throttling is enabled
2025-04-01 16:11:59 [main] INFO  i.h.w.a.AuthenticationConfiguration - Starting hawtio authentication filter, JAAS authentication disabled
2025-04-01 16:11:59 [main] INFO  i.h.w.auth.ClientRouteRedirectFilter - Hawtio ClientRouteRedirectFilter is using 1800 sec. HttpSession timeout
2025-04-01 16:12:00 [main] INFO  o.h.jpa.internal.util.LogHelper - HHH000204: Processing PersistenceUnitInfo [name: default]
2025-04-01 16:12:00 [main] INFO  org.hibernate.Version - HHH000412: Hibernate ORM core version 6.6.5.Final
2025-04-01 16:12:01 [main] INFO  o.h.c.i.RegionFactoryInitiator - HHH000026: Second-level cache disabled
2025-04-01 16:12:01 [main] INFO  o.s.o.j.p.SpringPersistenceUnitInfo - No LoadTimeWeaver setup: ignoring JPA class transformer
2025-04-01 16:12:02 [main] INFO  com.zaxxer.hikari.HikariDataSource - HikariPool-1 - Starting...
2025-04-01 16:12:02 [main] INFO  com.zaxxer.hikari.pool.HikariPool - HikariPool-1 - Added connection org.postgresql.jdbc.PgConnection@3b38f032
2025-04-01 16:12:02 [main] INFO  com.zaxxer.hikari.HikariDataSource - HikariPool-1 - Start completed.
2025-04-01 16:12:02 [main] INFO  o.hibernate.orm.connections.pooling - HHH10001005: Database info:
	Database JDBC URL [Connecting through datasource 'HikariDataSource (HikariPool-1)']
	Database driver: undefined/unknown
	Database version: 17.4
	Autocommit mode: undefined/unknown
	Isolation level: undefined/unknown
	Minimum pool size: undefined/unknown
	Maximum pool size: undefined/unknown
2025-04-01 16:12:05 [main] INFO  o.h.e.t.j.p.i.JtaPlatformInitiator - HHH000489: No JTA platform available (set 'hibernate.transaction.jta.platform' to enable JTA platform integration)
2025-04-01 16:12:06 [main] INFO  o.s.o.j.LocalContainerEntityManagerFactoryBean - Initialized JPA EntityManagerFactory for persistence unit 'default'
2025-04-01 16:12:07 [main] INFO  it.pliot.equipment.conf.InitDb - Executing db script 
2025-04-01 16:12:07 [main] INFO  it.pliot.equipment.conf.InitDb - Executing : report_data_first_stg_sp.sql 
2025-04-01 16:12:09 [main] INFO  it.pliot.equipment.conf.InitDb - Preloading Roleit.pliot.equipment.io.UserGrpTO@adb32981
2025-04-01 16:12:10 [main] INFO  it.pliot.equipment.conf.InitDb - Preloading Roleit.pliot.equipment.io.UserGrpTO@c3933777
2025-04-01 16:12:10 [main] INFO  it.pliot.equipment.conf.InitDb - Preloading Roleit.pliot.equipment.io.UserGrpTO@b6989f52
2025-04-01 16:12:11 [main] WARN  o.s.b.a.o.j.JpaBaseConfiguration$JpaWebConfiguration - spring.jpa.open-in-view is enabled by default. Therefore, database queries may be performed during view rendering. Explicitly configure spring.jpa.open-in-view to disable this warning
2025-04-01 16:12:12 [main] INFO  o.s.b.a.w.s.WelcomePageHandlerMapping - Adding welcome page: class path resource [static/index.html]
2025-04-01 16:12:12 [main] WARN  o.a.c.i.e.DefaultCamelBeanPostProcessor - No CamelContext defined yet so cannot inject into bean: startupConditionStrategy
2025-04-01 16:12:15 [main] INFO  o.a.activemq.artemis.core.server - AMQ221000: Primary message broker is starting with configuration Broker Configuration (clustered=false,journalDirectory=C:\Users\giuse\AppData\Local\Temp\artemis-data/journal,bindingsDirectory=data/bindings,largeMessagesDirectory=data/largemessages,pagingDirectory=data/paging)
2025-04-01 16:12:15 [main] INFO  o.a.activemq.artemis.core.server - AMQ221045: libaio is not available, switching the configuration into NIO
2025-04-01 16:12:15 [main] INFO  o.a.activemq.artemis.core.server - AMQ221057: Global Max Size is being adjusted to 1/2 of the JVM max size (-Xmx). being defined as 2108686336
2025-04-01 16:12:15 [main] INFO  o.a.activemq.artemis.core.server - AMQ221043: Protocol module found: [artemis-server]. Adding protocol support for: CORE
2025-04-01 16:12:15 [main] INFO  org.apache.activemq.audit.base - AMQ601138: User anonymous@unknown is getting notification info on target resource: null
2025-04-01 16:12:15 [main] INFO  org.apache.activemq.audit.base - AMQ601019: User anonymous@unknown is getting mbean info on target resource: org.apache.activemq.artemis.core.management.impl.ActiveMQServerControlImpl@27ca3040
2025-04-01 16:12:15 [main] INFO  org.apache.activemq.audit.base - AMQ601138: User anonymous@unknown is getting notification info on target resource: ActiveMQServerImpl::name=localhost
2025-04-01 16:12:15 [main] INFO  o.a.activemq.artemis.core.server - AMQ224092: Despite disabled persistence, page files will be persisted.
2025-04-01 16:12:15 [main] INFO  o.a.activemq.artemis.core.server - AMQ221080: Deploying address DLQ supporting [ANYCAST]
2025-04-01 16:12:15 [main] INFO  org.apache.activemq.audit.base - AMQ601019: User anonymous@unknown is getting mbean info on target resource: org.apache.activemq.artemis.core.management.impl.AddressControlImpl@31ca510a
2025-04-01 16:12:15 [main] INFO  o.a.activemq.artemis.core.server - AMQ221003: Deploying ANYCAST queue DLQ on address DLQ
2025-04-01 16:12:15 [main] INFO  org.apache.activemq.audit.base - AMQ601019: User anonymous@unknown is getting mbean info on target resource: org.apache.activemq.artemis.core.management.impl.QueueControlImpl@1f583c44
2025-04-01 16:12:15 [main] INFO  o.a.activemq.artemis.core.server - AMQ221080: Deploying address ExpiryQueue supporting [ANYCAST]
2025-04-01 16:12:15 [main] INFO  org.apache.activemq.audit.base - AMQ601019: User anonymous@unknown is getting mbean info on target resource: org.apache.activemq.artemis.core.management.impl.AddressControlImpl@6e7da5f4
2025-04-01 16:12:15 [main] INFO  o.a.activemq.artemis.core.server - AMQ221003: Deploying ANYCAST queue ExpiryQueue on address ExpiryQueue
2025-04-01 16:12:15 [main] INFO  org.apache.activemq.audit.base - AMQ601019: User anonymous@unknown is getting mbean info on target resource: org.apache.activemq.artemis.core.management.impl.QueueControlImpl@6f099f77
2025-04-01 16:12:15 [main] INFO  org.apache.activemq.audit.base - AMQ601019: User anonymous@unknown is getting mbean info on target resource: org.apache.activemq.artemis.core.management.impl.AddressControlImpl@27d0703e
2025-04-01 16:12:16 [main] INFO  org.apache.activemq.audit.base - AMQ601019: User anonymous@unknown is getting mbean info on target resource: org.apache.activemq.artemis.core.management.impl.AcceptorControlImpl@780d5822
2025-04-01 16:12:16 [main] INFO  o.a.activemq.artemis.core.server - AMQ221007: Server is now active
2025-04-01 16:12:16 [main] INFO  o.a.activemq.artemis.core.server - AMQ221001: Apache ActiveMQ Artemis Message Broker version 2.37.0 [localhost, nodeID=502bedb7-0f03-11f0-a92b-00090faa0001] 
2025-04-01 16:12:16 [main] INFO  o.s.b.a.e.web.EndpointLinksResolver - Exposing 2 endpoints beneath base path '/actuator'
2025-04-01 16:12:17 [main] INFO  o.s.v.b.OptionalValidatorFactoryBean - Failed to set up a Bean Validation provider: jakarta.validation.NoProviderFoundException: Unable to create a Configuration, because no Jakarta Bean Validation provider could be found. Add a provider like Hibernate Validator (RI) to your classpath.
2025-04-01 16:12:19 [main] INFO  o.a.coyote.http11.Http11NioProtocol - Starting ProtocolHandler ["http-nio-8080"]
2025-04-01 16:12:19 [main] INFO  o.s.b.w.e.tomcat.TomcatWebServer - Tomcat started on port 8080 (http) with context path '/'
2025-04-01 16:12:19 [pliot-scheduled-task-pool-2] INFO  i.p.e.s.business.task.MemoryMonitor -  Max memory [MB] 4022 Tot memory [MB] 130 Free memory [MB] 28

2025-04-01 16:12:19 [pliot-scheduled-task-pool-3] INFO  i.p.e.s.business.task.ReportCreation -  Aggregate 10 minutes it.pliot.equipment.service.business.task.ReportCreation@1e8b3a8
2025-04-01 16:12:19 [pliot-scheduled-task-pool-1] INFO  i.p.e.s.b.task.EquipmentPuller -  pull measure 
2025-04-01 16:12:19 [pliot-scheduled-task-pool-3] INFO  i.p.e.service.dbms.CallSPService -  call statement CALL  update_report_data_first_stg()
2025-04-01 16:12:20 [main] INFO  o.a.c.i.engine.AbstractCamelContext - Apache Camel 4.9.0 (camel-1) is starting
2025-04-01 16:12:20 [main] INFO  o.a.c.i.engine.AbstractCamelContext - Routes startup (total:0)
2025-04-01 16:12:20 [main] INFO  o.a.c.i.engine.AbstractCamelContext - Apache Camel 4.9.0 (camel-1) started in 417ms (build:0ms init:0ms start:417ms boot:7s558ms)
2025-04-01 16:12:20 [main] INFO  i.p.equipment.EquipmentApplication - Started EquipmentApplication in 42.265 seconds (process running for 44.676)
2025-04-01 16:12:29 [pliot-scheduled-task-pool-2] INFO  i.p.e.s.b.task.EquipmentPuller -  pull measure 
2025-04-01 16:12:29 [pliot-scheduled-task-pool-4] INFO  i.p.e.s.business.task.MemoryMonitor -  Max memory [MB] 4022 Tot memory [MB] 130 Free memory [MB] 34

2025-04-01 16:12:39 [pliot-scheduled-task-pool-1] INFO  i.p.e.s.b.task.EquipmentPuller -  pull measure 
2025-04-01 16:12:39 [pliot-scheduled-task-pool-5] INFO  i.p.e.s.business.task.MemoryMonitor -  Max memory [MB] 4022 Tot memory [MB] 130 Free memory [MB] 33

2025-04-01 16:12:46 [http-nio-8080-exec-2] INFO  o.a.c.c.C.[Tomcat].[localhost].[/] - Initializing Spring DispatcherServlet 'dispatcherServlet'
2025-04-01 16:12:46 [http-nio-8080-exec-2] INFO  o.s.web.servlet.DispatcherServlet - Initializing Servlet 'dispatcherServlet'
2025-04-01 16:12:46 [http-nio-8080-exec-2] INFO  o.s.web.servlet.DispatcherServlet - Completed initialization in 9 ms
2025-04-01 16:12:48 [http-nio-8080-exec-1] INFO  i.p.e.service.ext.UserServiceImpl -  user it.pliot.equipment.security.JwtUser@721600d6 
2025-04-01 16:12:49 [pliot-scheduled-task-pool-4] INFO  i.p.e.s.b.task.EquipmentPuller -  pull measure 
2025-04-01 16:12:49 [pliot-scheduled-task-pool-7] INFO  i.p.e.s.business.task.MemoryMonitor -  Max memory [MB] 4022 Tot memory [MB] 130 Free memory [MB] 52

2025-04-01 16:12:59 [pliot-scheduled-task-pool-4] INFO  i.p.e.s.b.task.EquipmentPuller -  pull measure 
2025-04-01 16:12:59 [pliot-scheduled-task-pool-3] INFO  i.p.e.s.business.task.MemoryMonitor -  Max memory [MB] 4022 Tot memory [MB] 130 Free memory [MB] 50

2025-04-01 16:13:09 [pliot-scheduled-task-pool-10] INFO  i.p.e.s.business.task.MemoryMonitor -  Max memory [MB] 4022 Tot memory [MB] 130 Free memory [MB] 49

2025-04-01 16:13:09 [pliot-scheduled-task-pool-4] INFO  i.p.e.s.b.task.EquipmentPuller -  pull measure 
2025-04-01 16:13:19 [pliot-scheduled-task-pool-2] INFO  i.p.e.s.b.task.EquipmentPuller -  pull measure 
2025-04-01 16:13:19 [pliot-scheduled-task-pool-4] INFO  i.p.e.s.business.task.MemoryMonitor -  Max memory [MB] 4022 Tot memory [MB] 130 Free memory [MB] 47

2025-04-01 16:13:19 [pliot-scheduled-task-pool-10] INFO  i.p.e.s.business.task.ReportCreation -  Aggregate 10 minutes it.pliot.equipment.service.business.task.ReportCreation@1e8b3a8
2025-04-01 16:13:19 [pliot-scheduled-task-pool-10] INFO  i.p.e.service.dbms.CallSPService -  call statement CALL  update_report_data_first_stg()
2025-04-01 16:13:29 [pliot-scheduled-task-pool-4] INFO  i.p.e.s.business.task.MemoryMonitor -  Max memory [MB] 4022 Tot memory [MB] 130 Free memory [MB] 46

2025-04-01 16:13:29 [pliot-scheduled-task-pool-2] INFO  i.p.e.s.b.task.EquipmentPuller -  pull measure 
2025-04-01 16:13:39 [pliot-scheduled-task-pool-2] INFO  i.p.e.s.b.task.EquipmentPuller -  pull measure 
2025-04-01 16:13:39 [pliot-scheduled-task-pool-4] INFO  i.p.e.s.business.task.MemoryMonitor -  Max memory [MB] 4022 Tot memory [MB] 130 Free memory [MB] 45

2025-04-01 16:13:49 [pliot-scheduled-task-pool-2] INFO  i.p.e.s.b.task.EquipmentPuller -  pull measure 
2025-04-01 16:13:49 [pliot-scheduled-task-pool-3] INFO  i.p.e.s.business.task.MemoryMonitor -  Max memory [MB] 4022 Tot memory [MB] 130 Free memory [MB] 44

2025-04-01 16:13:59 [pliot-scheduled-task-pool-2] INFO  i.p.e.s.business.task.MemoryMonitor -  Max memory [MB] 4022 Tot memory [MB] 130 Free memory [MB] 42

2025-04-01 16:13:59 [pliot-scheduled-task-pool-3] INFO  i.p.e.s.b.task.EquipmentPuller -  pull measure 
2025-04-01 16:14:09 [pliot-scheduled-task-pool-3] INFO  i.p.e.s.business.task.MemoryMonitor -  Max memory [MB] 4022 Tot memory [MB] 130 Free memory [MB] 41

2025-04-01 16:14:09 [pliot-scheduled-task-pool-2] INFO  i.p.e.s.b.task.EquipmentPuller -  pull measure 
2025-04-01 16:14:19 [pliot-scheduled-task-pool-3] INFO  i.p.e.s.business.task.MemoryMonitor -  Max memory [MB] 4022 Tot memory [MB] 130 Free memory [MB] 41

2025-04-01 16:14:19 [pliot-scheduled-task-pool-7] INFO  i.p.e.s.business.task.ReportCreation -  Aggregate 10 minutes it.pliot.equipment.service.business.task.ReportCreation@1e8b3a8
2025-04-01 16:14:19 [pliot-scheduled-task-pool-2] INFO  i.p.e.s.b.task.EquipmentPuller -  pull measure 
2025-04-01 16:14:19 [pliot-scheduled-task-pool-7] INFO  i.p.e.service.dbms.CallSPService -  call statement CALL  update_report_data_first_stg()
2025-04-01 16:14:29 [pliot-scheduled-task-pool-3] INFO  i.p.e.s.business.task.MemoryMonitor -  Max memory [MB] 4022 Tot memory [MB] 130 Free memory [MB] 39

2025-04-01 16:14:29 [pliot-scheduled-task-pool-2] INFO  i.p.e.s.b.task.EquipmentPuller -  pull measure 
2025-04-01 16:14:39 [pliot-scheduled-task-pool-3] INFO  i.p.e.s.business.task.MemoryMonitor -  Max memory [MB] 4022 Tot memory [MB] 130 Free memory [MB] 39

2025-04-01 16:14:39 [pliot-scheduled-task-pool-2] INFO  i.p.e.s.b.task.EquipmentPuller -  pull measure 
2025-04-01 16:14:49 [pliot-scheduled-task-pool-2] INFO  i.p.e.s.b.task.EquipmentPuller -  pull measure 
2025-04-01 16:14:49 [pliot-scheduled-task-pool-3] INFO  i.p.e.s.business.task.MemoryMonitor -  Max memory [MB] 4022 Tot memory [MB] 130 Free memory [MB] 37

2025-04-01 16:14:59 [pliot-scheduled-task-pool-2] INFO  i.p.e.s.b.task.EquipmentPuller -  pull measure 
2025-04-01 16:14:59 [pliot-scheduled-task-pool-5] INFO  i.p.e.s.business.task.MemoryMonitor -  Max memory [MB] 4022 Tot memory [MB] 130 Free memory [MB] 36

2025-04-01 16:15:09 [pliot-scheduled-task-pool-2] INFO  i.p.e.s.b.task.EquipmentPuller -  pull measure 
2025-04-01 16:15:09 [pliot-scheduled-task-pool-4] INFO  i.p.e.s.business.task.MemoryMonitor -  Max memory [MB] 4022 Tot memory [MB] 130 Free memory [MB] 35

2025-04-01 16:15:19 [pliot-scheduled-task-pool-2] INFO  i.p.e.s.business.task.MemoryMonitor -  Max memory [MB] 4022 Tot memory [MB] 130 Free memory [MB] 34

2025-04-01 16:15:19 [pliot-scheduled-task-pool-3] INFO  i.p.e.s.b.task.EquipmentPuller -  pull measure 
2025-04-01 16:15:19 [pliot-scheduled-task-pool-5] INFO  i.p.e.s.business.task.ReportCreation -  Aggregate 10 minutes it.pliot.equipment.service.business.task.ReportCreation@1e8b3a8
2025-04-01 16:15:19 [pliot-scheduled-task-pool-5] INFO  i.p.e.service.dbms.CallSPService -  call statement CALL  update_report_data_first_stg()
2025-04-01 16:15:29 [pliot-scheduled-task-pool-3] INFO  i.p.e.s.b.task.EquipmentPuller -  pull measure 
2025-04-01 16:15:29 [pliot-scheduled-task-pool-2] INFO  i.p.e.s.business.task.MemoryMonitor -  Max memory [MB] 4022 Tot memory [MB] 130 Free memory [MB] 33

2025-04-01 16:15:39 [pliot-scheduled-task-pool-3] INFO  i.p.e.s.b.task.EquipmentPuller -  pull measure 
2025-04-01 16:15:39 [pliot-scheduled-task-pool-2] INFO  i.p.e.s.business.task.MemoryMonitor -  Max memory [MB] 4022 Tot memory [MB] 130 Free memory [MB] 32

2025-04-01 16:15:49 [pliot-scheduled-task-pool-3] INFO  i.p.e.s.b.task.EquipmentPuller -  pull measure 
2025-04-01 16:15:49 [pliot-scheduled-task-pool-2] INFO  i.p.e.s.business.task.MemoryMonitor -  Max memory [MB] 4022 Tot memory [MB] 130 Free memory [MB] 31

2025-04-01 16:15:59 [pliot-scheduled-task-pool-3] INFO  i.p.e.s.business.task.MemoryMonitor -  Max memory [MB] 4022 Tot memory [MB] 130 Free memory [MB] 30

2025-04-01 16:15:59 [pliot-scheduled-task-pool-2] INFO  i.p.e.s.b.task.EquipmentPuller -  pull measure 
2025-04-01 16:16:09 [pliot-scheduled-task-pool-3] INFO  i.p.e.s.b.task.EquipmentPuller -  pull measure 
2025-04-01 16:16:09 [pliot-scheduled-task-pool-2] INFO  i.p.e.s.business.task.MemoryMonitor -  Max memory [MB] 4022 Tot memory [MB] 130 Free memory [MB] 29

2025-04-01 16:16:17 [http-nio-8080-exec-1] WARN  it.pliot.equipment.GlobalConfig -  pliot.mode conf SERVER  is not a correct value 
2025-04-01 16:16:19 [pliot-scheduled-task-pool-3] INFO  i.p.e.s.b.task.EquipmentPuller -  pull measure 
2025-04-01 16:16:19 [pliot-scheduled-task-pool-10] INFO  i.p.e.s.business.task.ReportCreation -  Aggregate 10 minutes it.pliot.equipment.service.business.task.ReportCreation@1e8b3a8
2025-04-01 16:16:19 [pliot-scheduled-task-pool-1] INFO  i.p.e.s.business.task.MemoryMonitor -  Max memory [MB] 4022 Tot memory [MB] 130 Free memory [MB] 63

2025-04-01 16:16:19 [pliot-scheduled-task-pool-10] INFO  i.p.e.service.dbms.CallSPService -  call statement CALL  update_report_data_first_stg()
2025-04-01 16:16:29 [pliot-scheduled-task-pool-8] INFO  i.p.e.s.business.task.MemoryMonitor -  Max memory [MB] 4022 Tot memory [MB] 130 Free memory [MB] 61

2025-04-01 16:16:29 [pliot-scheduled-task-pool-3] INFO  i.p.e.s.b.task.EquipmentPuller -  pull measure 
2025-04-01 16:16:39 [pliot-scheduled-task-pool-3] INFO  i.p.e.s.b.task.EquipmentPuller -  pull measure 
2025-04-01 16:16:39 [pliot-scheduled-task-pool-8] INFO  i.p.e.s.business.task.MemoryMonitor -  Max memory [MB] 4022 Tot memory [MB] 130 Free memory [MB] 60

2025-04-01 16:16:49 [pliot-scheduled-task-pool-3] INFO  i.p.e.s.b.task.EquipmentPuller -  pull measure 
2025-04-01 16:16:49 [pliot-scheduled-task-pool-6] INFO  i.p.e.s.business.task.MemoryMonitor -  Max memory [MB] 4022 Tot memory [MB] 130 Free memory [MB] 59

2025-04-01 16:16:59 [pliot-scheduled-task-pool-6] INFO  i.p.e.s.business.task.MemoryMonitor -  Max memory [MB] 4022 Tot memory [MB] 130 Free memory [MB] 58

2025-04-01 16:16:59 [pliot-scheduled-task-pool-3] INFO  i.p.e.s.b.task.EquipmentPuller -  pull measure 
2025-04-01 16:17:09 [pliot-scheduled-task-pool-3] INFO  i.p.e.s.b.task.EquipmentPuller -  pull measure 
2025-04-01 16:17:09 [pliot-scheduled-task-pool-1] INFO  i.p.e.s.business.task.MemoryMonitor -  Max memory [MB] 4022 Tot memory [MB] 130 Free memory [MB] 57

2025-04-01 16:17:19 [pliot-scheduled-task-pool-3] INFO  i.p.e.s.b.task.EquipmentPuller -  pull measure 
2025-04-01 16:17:19 [pliot-scheduled-task-pool-2] INFO  i.p.e.s.business.task.ReportCreation -  Aggregate 10 minutes it.pliot.equipment.service.business.task.ReportCreation@1e8b3a8
2025-04-01 16:17:19 [pliot-scheduled-task-pool-1] INFO  i.p.e.s.business.task.MemoryMonitor -  Max memory [MB] 4022 Tot memory [MB] 130 Free memory [MB] 56

2025-04-01 16:17:19 [pliot-scheduled-task-pool-2] INFO  i.p.e.service.dbms.CallSPService -  call statement CALL  update_report_data_first_stg()
2025-04-01 16:17:29 [pliot-scheduled-task-pool-3] INFO  i.p.e.s.business.task.MemoryMonitor -  Max memory [MB] 4022 Tot memory [MB] 130 Free memory [MB] 55

2025-04-01 16:17:29 [pliot-scheduled-task-pool-1] INFO  i.p.e.s.b.task.EquipmentPuller -  pull measure 
2025-04-01 16:17:39 [pliot-scheduled-task-pool-3] INFO  i.p.e.s.b.task.EquipmentPuller -  pull measure 
2025-04-01 16:17:39 [pliot-scheduled-task-pool-1] INFO  i.p.e.s.business.task.MemoryMonitor -  Max memory [MB] 4022 Tot memory [MB] 130 Free memory [MB] 54

2025-04-01 16:17:49 [pliot-scheduled-task-pool-1] INFO  i.p.e.s.business.task.MemoryMonitor -  Max memory [MB] 4022 Tot memory [MB] 130 Free memory [MB] 53

2025-04-01 16:17:49 [pliot-scheduled-task-pool-3] INFO  i.p.e.s.b.task.EquipmentPuller -  pull measure 
2025-04-01 16:17:59 [pliot-scheduled-task-pool-1] INFO  i.p.e.s.b.task.EquipmentPuller -  pull measure 
2025-04-01 16:17:59 [pliot-scheduled-task-pool-3] INFO  i.p.e.s.business.task.MemoryMonitor -  Max memory [MB] 4022 Tot memory [MB] 130 Free memory [MB] 52

2025-04-01 16:18:09 [pliot-scheduled-task-pool-1] INFO  i.p.e.s.b.task.EquipmentPuller -  pull measure 
2025-04-01 16:18:09 [pliot-scheduled-task-pool-10] INFO  i.p.e.s.business.task.MemoryMonitor -  Max memory [MB] 4022 Tot memory [MB] 130 Free memory [MB] 52

2025-04-01 16:18:19 [pliot-scheduled-task-pool-2] INFO  i.p.e.s.b.task.EquipmentPuller -  pull measure 
2025-04-01 16:18:19 [pliot-scheduled-task-pool-1] INFO  i.p.e.s.business.task.ReportCreation -  Aggregate 10 minutes it.pliot.equipment.service.business.task.ReportCreation@1e8b3a8
2025-04-01 16:18:19 [pliot-scheduled-task-pool-10] INFO  i.p.e.s.business.task.MemoryMonitor -  Max memory [MB] 4022 Tot memory [MB] 130 Free memory [MB] 51

2025-04-01 16:18:19 [pliot-scheduled-task-pool-1] INFO  i.p.e.service.dbms.CallSPService -  call statement CALL  update_report_data_first_stg()
2025-04-01 16:18:29 [pliot-scheduled-task-pool-10] INFO  i.p.e.s.b.task.EquipmentPuller -  pull measure 
2025-04-01 16:18:29 [pliot-scheduled-task-pool-2] INFO  i.p.e.s.business.task.MemoryMonitor -  Max memory [MB] 4022 Tot memory [MB] 130 Free memory [MB] 49

2025-04-01 16:18:39 [pliot-scheduled-task-pool-2] INFO  i.p.e.s.b.task.EquipmentPuller -  pull measure 
2025-04-01 16:18:39 [pliot-scheduled-task-pool-10] INFO  i.p.e.s.business.task.MemoryMonitor -  Max memory [MB] 4022 Tot memory [MB] 130 Free memory [MB] 49

2025-04-01 16:18:49 [pliot-scheduled-task-pool-2] INFO  i.p.e.s.b.task.EquipmentPuller -  pull measure 
2025-04-01 16:18:49 [pliot-scheduled-task-pool-1] INFO  i.p.e.s.business.task.MemoryMonitor -  Max memory [MB] 4022 Tot memory [MB] 130 Free memory [MB] 48

2025-04-01 16:18:59 [pliot-scheduled-task-pool-2] INFO  i.p.e.s.b.task.EquipmentPuller -  pull measure 
2025-04-01 16:18:59 [pliot-scheduled-task-pool-5] INFO  i.p.e.s.business.task.MemoryMonitor -  Max memory [MB] 4022 Tot memory [MB] 130 Free memory [MB] 47

2025-04-01 16:19:09 [pliot-scheduled-task-pool-5] INFO  i.p.e.s.b.task.EquipmentPuller -  pull measure 
2025-04-01 16:19:09 [pliot-scheduled-task-pool-2] INFO  i.p.e.s.business.task.MemoryMonitor -  Max memory [MB] 4022 Tot memory [MB] 130 Free memory [MB] 46

2025-04-01 16:19:19 [pliot-scheduled-task-pool-5] INFO  i.p.e.s.business.task.ReportCreation -  Aggregate 10 minutes it.pliot.equipment.service.business.task.ReportCreation@1e8b3a8
2025-04-01 16:19:19 [pliot-scheduled-task-pool-7] INFO  i.p.e.s.business.task.MemoryMonitor -  Max memory [MB] 4022 Tot memory [MB] 130 Free memory [MB] 45

2025-04-01 16:19:19 [pliot-scheduled-task-pool-2] INFO  i.p.e.s.b.task.EquipmentPuller -  pull measure 
2025-04-01 16:19:19 [pliot-scheduled-task-pool-5] INFO  i.p.e.service.dbms.CallSPService -  call statement CALL  update_report_data_first_stg()
2025-04-01 16:19:29 [pliot-scheduled-task-pool-9] INFO  i.p.e.s.business.task.MemoryMonitor -  Max memory [MB] 4022 Tot memory [MB] 130 Free memory [MB] 44

2025-04-01 16:19:29 [pliot-scheduled-task-pool-2] INFO  i.p.e.s.b.task.EquipmentPuller -  pull measure 
2025-04-01 16:19:39 [pliot-scheduled-task-pool-2] INFO  i.p.e.s.business.task.MemoryMonitor -  Max memory [MB] 4022 Tot memory [MB] 130 Free memory [MB] 43

2025-04-01 16:19:39 [pliot-scheduled-task-pool-9] INFO  i.p.e.s.b.task.EquipmentPuller -  pull measure 
2025-04-01 16:19:49 [pliot-scheduled-task-pool-9] INFO  i.p.e.s.b.task.EquipmentPuller -  pull measure 
2025-04-01 16:19:49 [pliot-scheduled-task-pool-2] INFO  i.p.e.s.business.task.MemoryMonitor -  Max memory [MB] 4022 Tot memory [MB] 130 Free memory [MB] 42

2025-04-01 16:19:59 [pliot-scheduled-task-pool-9] INFO  i.p.e.s.b.task.EquipmentPuller -  pull measure 
2025-04-01 16:19:59 [pliot-scheduled-task-pool-10] INFO  i.p.e.s.business.task.MemoryMonitor -  Max memory [MB] 4022 Tot memory [MB] 130 Free memory [MB] 41

2025-04-01 16:20:04 [SpringApplicationShutdownHook] INFO  o.s.b.w.e.tomcat.GracefulShutdown - Commencing graceful shutdown. Waiting for active requests to complete
2025-04-01 16:20:05 [tomcat-shutdown] INFO  o.s.b.w.e.tomcat.GracefulShutdown - Graceful shutdown complete
2025-04-01 16:20:05 [SpringApplicationShutdownHook] INFO  o.a.c.i.engine.AbstractCamelContext - Apache Camel 4.9.0 (camel-1) is shutting down (timeout:45s)
2025-04-01 16:20:05 [SpringApplicationShutdownHook] INFO  o.a.c.i.engine.AbstractCamelContext - Routes stopped (total:0)
2025-04-01 16:20:05 [SpringApplicationShutdownHook] INFO  o.a.c.i.engine.AbstractCamelContext - Apache Camel 4.9.0 (camel-1) shutdown in 11ms (uptime:7m45s)
2025-04-01 16:20:05 [SpringApplicationShutdownHook] INFO  o.a.activemq.artemis.core.server - AMQ221002: Apache ActiveMQ Artemis Message Broker version 2.37.0 [502bedb7-0f03-11f0-a92b-00090faa0001] stopped, uptime 7 minutes
2025-04-01 16:20:05 [SpringApplicationShutdownHook] INFO  o.s.o.j.LocalContainerEntityManagerFactoryBean - Closing JPA EntityManagerFactory for persistence unit 'default'
2025-04-01 16:20:05 [SpringApplicationShutdownHook] INFO  com.zaxxer.hikari.HikariDataSource - HikariPool-1 - Shutdown initiated...
2025-04-01 16:20:05 [SpringApplicationShutdownHook] INFO  com.zaxxer.hikari.HikariDataSource - HikariPool-1 - Shutdown completed.
2025-04-01 16:20:05 [SpringApplicationShutdownHook] INFO  i.hawt.web.auth.AuthenticationFilter - Destroying hawtio authentication filter
2025-04-01 16:20:05 [SpringApplicationShutdownHook] INFO  i.hawt.web.auth.AuthenticationFilter - Destroying hawtio authentication filter
2025-04-01 16:20:05 [SpringApplicationShutdownHook] INFO  io.hawt.HawtioContextListener - Destroying Hawtio services
